<?xml version="1.0" encoding="UTF-8"?>
<!-- Generated by org.testng.reporters.JUnitXMLReporter -->
<testsuite hostname="SRIKANTHGUNDAM" ignored="0" name="Default test" tests="12" failures="5" timestamp="23 Jul 2017 17:06:01 GMT" time="65.706" errors="0">
  <testcase name="verify_Buttons" time="0.07" classname="com.test.sqs.HerokuappTest"/>
  <testcase name="verify_Click_Element" time="4.83" classname="com.test.sqs.HerokuappTest"/>
  <testcase name="verify_Click_linkTest" time="6.778" classname="com.test.sqs.HerokuappTest"/>
  <testcase name="verify_Delete_click" time="0.349" classname="com.test.sqs.HerokuappTest">
    <failure type="org.junit.ComparisonFailure" message="expected:&amp;lt;....com/challenging_dom[]&amp;gt; but was:&amp;lt;....com/challenging_dom[#delete]&amp;gt;">
      <![CDATA[org.junit.ComparisonFailure: expected:<....com/challenging_dom[]> but was:<....com/challenging_dom[#delete]>
	at org.junit.Assert.assertEquals(Assert.java:115)
	at org.junit.Assert.assertEquals(Assert.java:144)
	at com.test.sqs.HerokuappTest.verify_Delete_click(HerokuappTest.java:168)
	at sun.reflect.NativeMethodAccessorImpl.invoke0(Native Method)
	at sun.reflect.NativeMethodAccessorImpl.invoke(NativeMethodAccessorImpl.java:62)
	at sun.reflect.DelegatingMethodAccessorImpl.invoke(DelegatingMethodAccessorImpl.java:43)
	at java.lang.reflect.Method.invoke(Method.java:498)
	at org.testng.internal.MethodInvocationHelper.invokeMethod(MethodInvocationHelper.java:108)
	at org.testng.internal.Invoker.invokeMethod(Invoker.java:661)
	at org.testng.internal.Invoker.invokeTestMethod(Invoker.java:869)
	at org.testng.internal.Invoker.invokeTestMethods(Invoker.java:1193)
	at org.testng.internal.TestMethodWorker.invokeTestMethods(TestMethodWorker.java:126)
	at org.testng.internal.TestMethodWorker.run(TestMethodWorker.java:109)
	at org.testng.TestRunner.privateRun(TestRunner.java:744)
	at org.testng.TestRunner.run(TestRunner.java:602)
	at org.testng.SuiteRunner.runTest(SuiteRunner.java:380)
	at org.testng.SuiteRunner.runSequentially(SuiteRunner.java:375)
	at org.testng.SuiteRunner.privateRun(SuiteRunner.java:340)
	at org.testng.SuiteRunner.run(SuiteRunner.java:289)
	at org.testng.SuiteRunnerWorker.runSuite(SuiteRunnerWorker.java:52)
	at org.testng.SuiteRunnerWorker.run(SuiteRunnerWorker.java:86)
	at org.testng.TestNG.runSuitesSequentially(TestNG.java:1301)
	at org.testng.TestNG.runSuitesLocally(TestNG.java:1226)
	at org.testng.TestNG.runSuites(TestNG.java:1144)
	at org.testng.TestNG.run(TestNG.java:1115)
	at org.testng.remote.AbstractRemoteTestNG.run(AbstractRemoteTestNG.java:132)
	at org.testng.remote.RemoteTestNG.initAndRun(RemoteTestNG.java:230)
	at org.testng.remote.RemoteTestNG.main(RemoteTestNG.java:76)
]]>
    </failure>
  </testcase> <!-- verify_Delete_click -->
  <testcase name="verify_First_Button_Click" time="2.438" classname="com.test.sqs.HerokuappTest">
    <failure type="java.lang.AssertionError" message="Values should be different. Actual: {rotate={}, shadowBlur=0, closePath={}, fillRect={}, translate={}, mozCurrentTransform=[1, 0, 0, 1, 0, 0], ellipse={}, shadowColor=rgba(0, 0, 0, 0), canvas=[org.openqa.selenium.remote.RemoteWebElement@ded79d3d -&amp;gt; unknown locator], strokeStyle=#000000, textAlign=start, drawFocusIfNeeded={}, resetTransform={}, miterLimit=10, fill={}, getLineDash={}, createPattern={}, lineCap=butt, isPointInStroke={}, fillStyle=#000000, createLinearGradient={}, lineDashOffset=0, shadowOffsetX=0, shadowOffsetY=0, imageSmoothingEnabled=true, mozImageSmoothingEnabled=true, createImageData={}, save={}, lineTo={}, scale={}, measureText={}, setLineDash={}, lineWidth=1, putImageData={}, rect={}, transform={}, arc={}, setTransform={}, globalAlpha=1, isPointInPath={}, createRadialGradient={}, strokeRect={}, fillText={}, textBaseline=alphabetic, arcTo={}, getImageData={}, strokeText={}, restore={}, beginPath={}, globalCompositeOperation=source-over, lineJoin=miter, quadraticCurveTo={}, bezierCurveTo={}, stroke={}, clearRect={}, filter=none, drawImage={}, mozTextStyle=60px Arial, mozCurrentTransformInverse=[1, 0, 0, 1, 0, 0], clip={}, font=60px Arial, moveTo={}}">
      <![CDATA[java.lang.AssertionError: Values should be different. Actual: {rotate={}, shadowBlur=0, closePath={}, fillRect={}, translate={}, mozCurrentTransform=[1, 0, 0, 1, 0, 0], ellipse={}, shadowColor=rgba(0, 0, 0, 0), canvas=[org.openqa.selenium.remote.RemoteWebElement@ded79d3d -> unknown locator], strokeStyle=#000000, textAlign=start, drawFocusIfNeeded={}, resetTransform={}, miterLimit=10, fill={}, getLineDash={}, createPattern={}, lineCap=butt, isPointInStroke={}, fillStyle=#000000, createLinearGradient={}, lineDashOffset=0, shadowOffsetX=0, shadowOffsetY=0, imageSmoothingEnabled=true, mozImageSmoothingEnabled=true, createImageData={}, save={}, lineTo={}, scale={}, measureText={}, setLineDash={}, lineWidth=1, putImageData={}, rect={}, transform={}, arc={}, setTransform={}, globalAlpha=1, isPointInPath={}, createRadialGradient={}, strokeRect={}, fillText={}, textBaseline=alphabetic, arcTo={}, getImageData={}, strokeText={}, restore={}, beginPath={}, globalCompositeOperation=source-over, lineJoin=miter, quadraticCurveTo={}, bezierCurveTo={}, stroke={}, clearRect={}, filter=none, drawImage={}, mozTextStyle=60px Arial, mozCurrentTransformInverse=[1, 0, 0, 1, 0, 0], clip={}, font=60px Arial, moveTo={}}
	at org.junit.Assert.fail(Assert.java:88)
	at org.junit.Assert.failEquals(Assert.java:185)
	at org.junit.Assert.assertNotEquals(Assert.java:161)
	at org.junit.Assert.assertNotEquals(Assert.java:175)
	at com.test.sqs.HerokuappTest.verify_First_Button_Click(HerokuappTest.java:72)
	at sun.reflect.NativeMethodAccessorImpl.invoke0(Native Method)
	at sun.reflect.NativeMethodAccessorImpl.invoke(NativeMethodAccessorImpl.java:62)
	at sun.reflect.DelegatingMethodAccessorImpl.invoke(DelegatingMethodAccessorImpl.java:43)
	at java.lang.reflect.Method.invoke(Method.java:498)
	at org.testng.internal.MethodInvocationHelper.invokeMethod(MethodInvocationHelper.java:108)
	at org.testng.internal.Invoker.invokeMethod(Invoker.java:661)
	at org.testng.internal.Invoker.invokeTestMethod(Invoker.java:869)
	at org.testng.internal.Invoker.invokeTestMethods(Invoker.java:1193)
	at org.testng.internal.TestMethodWorker.invokeTestMethods(TestMethodWorker.java:126)
	at org.testng.internal.TestMethodWorker.run(TestMethodWorker.java:109)
	at org.testng.TestRunner.privateRun(TestRunner.java:744)
	at org.testng.TestRunner.run(TestRunner.java:602)
	at org.testng.SuiteRunner.runTest(SuiteRunner.java:380)
	at org.testng.SuiteRunner.runSequentially(SuiteRunner.java:375)
	at org.testng.SuiteRunner.privateRun(SuiteRunner.java:340)
	at org.testng.SuiteRunner.run(SuiteRunner.java:289)
	at org.testng.SuiteRunnerWorker.runSuite(SuiteRunnerWorker.java:52)
	at org.testng.SuiteRunnerWorker.run(SuiteRunnerWorker.java:86)
	at org.testng.TestNG.runSuitesSequentially(TestNG.java:1301)
	at org.testng.TestNG.runSuitesLocally(TestNG.java:1226)
	at org.testng.TestNG.runSuites(TestNG.java:1144)
	at org.testng.TestNG.run(TestNG.java:1115)
	at org.testng.remote.AbstractRemoteTestNG.run(AbstractRemoteTestNG.java:132)
	at org.testng.remote.RemoteTestNG.initAndRun(RemoteTestNG.java:230)
	at org.testng.remote.RemoteTestNG.main(RemoteTestNG.java:76)
]]>
    </failure>
  </testcase> <!-- verify_First_Button_Click -->
  <testcase name="verify_Second_Button_Click" time="0.372" classname="com.test.sqs.HerokuappTest">
    <failure type="java.lang.AssertionError" message="Values should be different. Actual: {rotate={}, shadowBlur=0, closePath={}, fillRect={}, translate={}, mozCurrentTransform=[1, 0, 0, 1, 0, 0], ellipse={}, shadowColor=rgba(0, 0, 0, 0), canvas=[org.openqa.selenium.remote.RemoteWebElement@3490be85 -&amp;gt; unknown locator], strokeStyle=#000000, textAlign=start, drawFocusIfNeeded={}, resetTransform={}, miterLimit=10, fill={}, getLineDash={}, createPattern={}, lineCap=butt, isPointInStroke={}, fillStyle=#000000, createLinearGradient={}, lineDashOffset=0, shadowOffsetX=0, shadowOffsetY=0, imageSmoothingEnabled=true, mozImageSmoothingEnabled=true, createImageData={}, save={}, lineTo={}, scale={}, measureText={}, setLineDash={}, lineWidth=1, putImageData={}, rect={}, transform={}, arc={}, setTransform={}, globalAlpha=1, isPointInPath={}, createRadialGradient={}, strokeRect={}, fillText={}, textBaseline=alphabetic, arcTo={}, getImageData={}, strokeText={}, restore={}, beginPath={}, globalCompositeOperation=source-over, lineJoin=miter, quadraticCurveTo={}, bezierCurveTo={}, stroke={}, clearRect={}, filter=none, drawImage={}, mozTextStyle=60px Arial, mozCurrentTransformInverse=[1, 0, 0, 1, 0, 0], clip={}, font=60px Arial, moveTo={}}">
      <![CDATA[java.lang.AssertionError: Values should be different. Actual: {rotate={}, shadowBlur=0, closePath={}, fillRect={}, translate={}, mozCurrentTransform=[1, 0, 0, 1, 0, 0], ellipse={}, shadowColor=rgba(0, 0, 0, 0), canvas=[org.openqa.selenium.remote.RemoteWebElement@3490be85 -> unknown locator], strokeStyle=#000000, textAlign=start, drawFocusIfNeeded={}, resetTransform={}, miterLimit=10, fill={}, getLineDash={}, createPattern={}, lineCap=butt, isPointInStroke={}, fillStyle=#000000, createLinearGradient={}, lineDashOffset=0, shadowOffsetX=0, shadowOffsetY=0, imageSmoothingEnabled=true, mozImageSmoothingEnabled=true, createImageData={}, save={}, lineTo={}, scale={}, measureText={}, setLineDash={}, lineWidth=1, putImageData={}, rect={}, transform={}, arc={}, setTransform={}, globalAlpha=1, isPointInPath={}, createRadialGradient={}, strokeRect={}, fillText={}, textBaseline=alphabetic, arcTo={}, getImageData={}, strokeText={}, restore={}, beginPath={}, globalCompositeOperation=source-over, lineJoin=miter, quadraticCurveTo={}, bezierCurveTo={}, stroke={}, clearRect={}, filter=none, drawImage={}, mozTextStyle=60px Arial, mozCurrentTransformInverse=[1, 0, 0, 1, 0, 0], clip={}, font=60px Arial, moveTo={}}
	at org.junit.Assert.fail(Assert.java:88)
	at org.junit.Assert.failEquals(Assert.java:185)
	at org.junit.Assert.assertNotEquals(Assert.java:161)
	at org.junit.Assert.assertNotEquals(Assert.java:175)
	at com.test.sqs.HerokuappTest.verify_Second_Button_Click(HerokuappTest.java:89)
	at sun.reflect.NativeMethodAccessorImpl.invoke0(Native Method)
	at sun.reflect.NativeMethodAccessorImpl.invoke(NativeMethodAccessorImpl.java:62)
	at sun.reflect.DelegatingMethodAccessorImpl.invoke(DelegatingMethodAccessorImpl.java:43)
	at java.lang.reflect.Method.invoke(Method.java:498)
	at org.testng.internal.MethodInvocationHelper.invokeMethod(MethodInvocationHelper.java:108)
	at org.testng.internal.Invoker.invokeMethod(Invoker.java:661)
	at org.testng.internal.Invoker.invokeTestMethod(Invoker.java:869)
	at org.testng.internal.Invoker.invokeTestMethods(Invoker.java:1193)
	at org.testng.internal.TestMethodWorker.invokeTestMethods(TestMethodWorker.java:126)
	at org.testng.internal.TestMethodWorker.run(TestMethodWorker.java:109)
	at org.testng.TestRunner.privateRun(TestRunner.java:744)
	at org.testng.TestRunner.run(TestRunner.java:602)
	at org.testng.SuiteRunner.runTest(SuiteRunner.java:380)
	at org.testng.SuiteRunner.runSequentially(SuiteRunner.java:375)
	at org.testng.SuiteRunner.privateRun(SuiteRunner.java:340)
	at org.testng.SuiteRunner.run(SuiteRunner.java:289)
	at org.testng.SuiteRunnerWorker.runSuite(SuiteRunnerWorker.java:52)
	at org.testng.SuiteRunnerWorker.run(SuiteRunnerWorker.java:86)
	at org.testng.TestNG.runSuitesSequentially(TestNG.java:1301)
	at org.testng.TestNG.runSuitesLocally(TestNG.java:1226)
	at org.testng.TestNG.runSuites(TestNG.java:1144)
	at org.testng.TestNG.run(TestNG.java:1115)
	at org.testng.remote.AbstractRemoteTestNG.run(AbstractRemoteTestNG.java:132)
	at org.testng.remote.RemoteTestNG.initAndRun(RemoteTestNG.java:230)
	at org.testng.remote.RemoteTestNG.main(RemoteTestNG.java:76)
]]>
    </failure>
  </testcase> <!-- verify_Second_Button_Click -->
  <testcase name="verify_Thrid_Button_Click" time="0.427" classname="com.test.sqs.HerokuappTest">
    <failure type="java.lang.AssertionError" message="Values should be different. Actual: {rotate={}, shadowBlur=0, closePath={}, fillRect={}, translate={}, mozCurrentTransform=[1, 0, 0, 1, 0, 0], ellipse={}, shadowColor=rgba(0, 0, 0, 0), canvas=[org.openqa.selenium.remote.RemoteWebElement@4443338c -&amp;gt; unknown locator], strokeStyle=#000000, textAlign=start, drawFocusIfNeeded={}, resetTransform={}, miterLimit=10, fill={}, getLineDash={}, createPattern={}, lineCap=butt, isPointInStroke={}, fillStyle=#000000, createLinearGradient={}, lineDashOffset=0, shadowOffsetX=0, shadowOffsetY=0, imageSmoothingEnabled=true, mozImageSmoothingEnabled=true, createImageData={}, save={}, lineTo={}, scale={}, measureText={}, setLineDash={}, lineWidth=1, putImageData={}, rect={}, transform={}, arc={}, setTransform={}, globalAlpha=1, isPointInPath={}, createRadialGradient={}, strokeRect={}, fillText={}, textBaseline=alphabetic, arcTo={}, getImageData={}, strokeText={}, restore={}, beginPath={}, globalCompositeOperation=source-over, lineJoin=miter, quadraticCurveTo={}, bezierCurveTo={}, stroke={}, clearRect={}, filter=none, drawImage={}, mozTextStyle=60px Arial, mozCurrentTransformInverse=[1, 0, 0, 1, 0, 0], clip={}, font=60px Arial, moveTo={}}">
      <![CDATA[java.lang.AssertionError: Values should be different. Actual: {rotate={}, shadowBlur=0, closePath={}, fillRect={}, translate={}, mozCurrentTransform=[1, 0, 0, 1, 0, 0], ellipse={}, shadowColor=rgba(0, 0, 0, 0), canvas=[org.openqa.selenium.remote.RemoteWebElement@4443338c -> unknown locator], strokeStyle=#000000, textAlign=start, drawFocusIfNeeded={}, resetTransform={}, miterLimit=10, fill={}, getLineDash={}, createPattern={}, lineCap=butt, isPointInStroke={}, fillStyle=#000000, createLinearGradient={}, lineDashOffset=0, shadowOffsetX=0, shadowOffsetY=0, imageSmoothingEnabled=true, mozImageSmoothingEnabled=true, createImageData={}, save={}, lineTo={}, scale={}, measureText={}, setLineDash={}, lineWidth=1, putImageData={}, rect={}, transform={}, arc={}, setTransform={}, globalAlpha=1, isPointInPath={}, createRadialGradient={}, strokeRect={}, fillText={}, textBaseline=alphabetic, arcTo={}, getImageData={}, strokeText={}, restore={}, beginPath={}, globalCompositeOperation=source-over, lineJoin=miter, quadraticCurveTo={}, bezierCurveTo={}, stroke={}, clearRect={}, filter=none, drawImage={}, mozTextStyle=60px Arial, mozCurrentTransformInverse=[1, 0, 0, 1, 0, 0], clip={}, font=60px Arial, moveTo={}}
	at org.junit.Assert.fail(Assert.java:88)
	at org.junit.Assert.failEquals(Assert.java:185)
	at org.junit.Assert.assertNotEquals(Assert.java:161)
	at org.junit.Assert.assertNotEquals(Assert.java:175)
	at com.test.sqs.HerokuappTest.verify_Thrid_Button_Click(HerokuappTest.java:105)
	at sun.reflect.NativeMethodAccessorImpl.invoke0(Native Method)
	at sun.reflect.NativeMethodAccessorImpl.invoke(NativeMethodAccessorImpl.java:62)
	at sun.reflect.DelegatingMethodAccessorImpl.invoke(DelegatingMethodAccessorImpl.java:43)
	at java.lang.reflect.Method.invoke(Method.java:498)
	at org.testng.internal.MethodInvocationHelper.invokeMethod(MethodInvocationHelper.java:108)
	at org.testng.internal.Invoker.invokeMethod(Invoker.java:661)
	at org.testng.internal.Invoker.invokeTestMethod(Invoker.java:869)
	at org.testng.internal.Invoker.invokeTestMethods(Invoker.java:1193)
	at org.testng.internal.TestMethodWorker.invokeTestMethods(TestMethodWorker.java:126)
	at org.testng.internal.TestMethodWorker.run(TestMethodWorker.java:109)
	at org.testng.TestRunner.privateRun(TestRunner.java:744)
	at org.testng.TestRunner.run(TestRunner.java:602)
	at org.testng.SuiteRunner.runTest(SuiteRunner.java:380)
	at org.testng.SuiteRunner.runSequentially(SuiteRunner.java:375)
	at org.testng.SuiteRunner.privateRun(SuiteRunner.java:340)
	at org.testng.SuiteRunner.run(SuiteRunner.java:289)
	at org.testng.SuiteRunnerWorker.runSuite(SuiteRunnerWorker.java:52)
	at org.testng.SuiteRunnerWorker.run(SuiteRunnerWorker.java:86)
	at org.testng.TestNG.runSuitesSequentially(TestNG.java:1301)
	at org.testng.TestNG.runSuitesLocally(TestNG.java:1226)
	at org.testng.TestNG.runSuites(TestNG.java:1144)
	at org.testng.TestNG.run(TestNG.java:1115)
	at org.testng.remote.AbstractRemoteTestNG.run(AbstractRemoteTestNG.java:132)
	at org.testng.remote.RemoteTestNG.initAndRun(RemoteTestNG.java:230)
	at org.testng.remote.RemoteTestNG.main(RemoteTestNG.java:76)
]]>
    </failure>
  </testcase> <!-- verify_Thrid_Button_Click -->
  <testcase name="verify_edit_click" time="0.341" classname="com.test.sqs.HerokuappTest">
    <failure type="org.junit.ComparisonFailure" message="expected:&amp;lt;....com/challenging_dom[]&amp;gt; but was:&amp;lt;....com/challenging_dom[#edit]&amp;gt;">
      <![CDATA[org.junit.ComparisonFailure: expected:<....com/challenging_dom[]> but was:<....com/challenging_dom[#edit]>
	at org.junit.Assert.assertEquals(Assert.java:115)
	at org.junit.Assert.assertEquals(Assert.java:144)
	at com.test.sqs.HerokuappTest.verify_edit_click(HerokuappTest.java:160)
	at sun.reflect.NativeMethodAccessorImpl.invoke0(Native Method)
	at sun.reflect.NativeMethodAccessorImpl.invoke(NativeMethodAccessorImpl.java:62)
	at sun.reflect.DelegatingMethodAccessorImpl.invoke(DelegatingMethodAccessorImpl.java:43)
	at java.lang.reflect.Method.invoke(Method.java:498)
	at org.testng.internal.MethodInvocationHelper.invokeMethod(MethodInvocationHelper.java:108)
	at org.testng.internal.Invoker.invokeMethod(Invoker.java:661)
	at org.testng.internal.Invoker.invokeTestMethod(Invoker.java:869)
	at org.testng.internal.Invoker.invokeTestMethods(Invoker.java:1193)
	at org.testng.internal.TestMethodWorker.invokeTestMethods(TestMethodWorker.java:126)
	at org.testng.internal.TestMethodWorker.run(TestMethodWorker.java:109)
	at org.testng.TestRunner.privateRun(TestRunner.java:744)
	at org.testng.TestRunner.run(TestRunner.java:602)
	at org.testng.SuiteRunner.runTest(SuiteRunner.java:380)
	at org.testng.SuiteRunner.runSequentially(SuiteRunner.java:375)
	at org.testng.SuiteRunner.privateRun(SuiteRunner.java:340)
	at org.testng.SuiteRunner.run(SuiteRunner.java:289)
	at org.testng.SuiteRunnerWorker.runSuite(SuiteRunnerWorker.java:52)
	at org.testng.SuiteRunnerWorker.run(SuiteRunnerWorker.java:86)
	at org.testng.TestNG.runSuitesSequentially(TestNG.java:1301)
	at org.testng.TestNG.runSuitesLocally(TestNG.java:1226)
	at org.testng.TestNG.runSuites(TestNG.java:1144)
	at org.testng.TestNG.run(TestNG.java:1115)
	at org.testng.remote.AbstractRemoteTestNG.run(AbstractRemoteTestNG.java:132)
	at org.testng.remote.RemoteTestNG.initAndRun(RemoteTestNG.java:230)
	at org.testng.remote.RemoteTestNG.main(RemoteTestNG.java:76)
]]>
    </failure>
  </testcase> <!-- verify_edit_click -->
  <testcase name="verify_heading" time="0.087" classname="com.test.sqs.HerokuappTest"/>
  <testcase name="verify_numberof_columns" time="0.048" classname="com.test.sqs.HerokuappTest"/>
  <testcase name="verify_numberof_rows" time="0.119" classname="com.test.sqs.HerokuappTest"/>
  <testcase name="verify_table_heading_names" time="0.273" classname="com.test.sqs.HerokuappTest"/>
</testsuite> <!-- Default test -->
