<html>
<head>
<title>TestNG:  Default test</title>
<link href="../testng.css" rel="stylesheet" type="text/css" />
<link href="../my-testng.css" rel="stylesheet" type="text/css" />

<style type="text/css">
.log { display: none;} 
.stack-trace { display: none;} 
</style>
<script type="text/javascript">
<!--
function flip(e) {
  current = e.style.display;
  if (current == 'block') {
    e.style.display = 'none';
    return 0;
  }
  else {
    e.style.display = 'block';
    return 1;
  }
}

function toggleBox(szDivId, elem, msg1, msg2)
{
  var res = -1;  if (document.getElementById) {
    res = flip(document.getElementById(szDivId));
  }
  else if (document.all) {
    // this is the way old msie versions work
    res = flip(document.all[szDivId]);
  }
  if(elem) {
    if(res == 0) elem.innerHTML = msg1; else elem.innerHTML = msg2;
  }

}

function toggleAllBoxes() {
  if (document.getElementsByTagName) {
    d = document.getElementsByTagName('div');
    for (i = 0; i < d.length; i++) {
      if (d[i].className == 'log') {
        flip(d[i]);
      }
    }
  }
}

// -->
</script>

</head>
<body>
<h2 align='center'>Default test</h2><table border='1' align="center">
<tr>
<td>Tests passed/Failed/Skipped:</td><td>7/5/0</td>
</tr><tr>
<td>Started on:</td><td>Sun Jul 23 18:04:55 BST 2017</td>
</tr>
<tr><td>Total time:</td><td>65 seconds (65706 ms)</td>
</tr><tr>
<td>Included groups:</td><td></td>
</tr><tr>
<td>Excluded groups:</td><td></td>
</tr>
</table><p/>
<small><i>(Hover the method name to see the test class name)</i></small><p/>
<table width='100%' border='1' class='invocation-failed'>
<tr><td colspan='4' align='center'><b>FAILED TESTS</b></td></tr>
<tr><td><b>Test method</b></td>
<td width="30%"><b>Exception</b></td>
<td width="10%"><b>Time (seconds)</b></td>
<td><b>Instance</b></td>
</tr>
<tr>
<td title='com.test.sqs.HerokuappTest.verify_Delete_click()'><b>verify_Delete_click</b><br>Test class: com.test.sqs.HerokuappTest</td>
<td><div><pre>org.junit.ComparisonFailure: expected:&lt;....com/challenging_dom[]&gt; but was:&lt;....com/challenging_dom[#delete]&gt;
	at org.junit.Assert.assertEquals(Assert.java:115)
	at org.junit.Assert.assertEquals(Assert.java:144)
	at com.test.sqs.HerokuappTest.verify_Delete_click(HerokuappTest.java:168)
	at sun.reflect.NativeMethodAccessorImpl.invoke0(Native Method)
	at sun.reflect.NativeMethodAccessorImpl.invoke(NativeMethodAccessorImpl.java:62)
	at sun.reflect.DelegatingMethodAccessorImpl.invoke(DelegatingMethodAccessorImpl.java:43)
	at java.lang.reflect.Method.invoke(Method.java:498)
	at org.testng.internal.MethodInvocationHelper.invokeMethod(MethodInvocationHelper.java:108)
	at org.testng.internal.Invoker.invokeMethod(Invoker.java:661)
	at org.testng.internal.Invoker.invokeTestMethod(Invoker.java:869)
	at org.testng.internal.Invoker.invokeTestMethods(Invoker.java:1193)
	at org.testng.internal.TestMethodWorker.invokeTestMethods(TestMethodWorker.java:126)
	at org.testng.internal.TestMethodWorker.run(TestMethodWorker.java:109)
	at org.testng.TestRunner.privateRun(TestRunner.java:744)
	at org.testng.TestRunner.run(TestRunner.java:602)
	at org.testng.SuiteRunner.runTest(SuiteRunner.java:380)
	at org.testng.SuiteRunner.runSequentially(SuiteRunner.java:375)
	at org.testng.SuiteRunner.privateRun(SuiteRunner.java:340)
	at org.testng.SuiteRunner.run(SuiteRunner.java:289)
	at org.testng.SuiteRunnerWorker.runSuite(SuiteRunnerWorker.java:52)
	at org.testng.SuiteRunnerWorker.run(SuiteRunnerWorker.java:86)
	at org.testng.TestNG.runSuitesSequentially(TestNG.java:1301)
	at org.testng.TestNG.runSuitesLocally(TestNG.java:1226)
	at org.testng.TestNG.runSuites(TestNG.java:1144)
	at org.testng.TestNG.run(TestNG.java:1115)
	at org.testng.remote.AbstractRemoteTestNG.run(AbstractRemoteTestNG.java:132)
	at org.testng.remote.RemoteTestNG.initAndRun(RemoteTestNG.java:230)
	at org.testng.remote.RemoteTestNG.main(RemoteTestNG.java:76)
</pre></div><a href='#' onClick='toggleBox("stack-trace473153915", this, "Click to show all stack frames", "Click to hide stack frames")'>Click to show all stack frames</a>
<div class='stack-trace' id='stack-trace473153915'><pre>org.junit.ComparisonFailure: expected:&lt;....com/challenging_dom[]&gt; but was:&lt;....com/challenging_dom[#delete]&gt;
	at org.junit.Assert.assertEquals(Assert.java:115)
	at org.junit.Assert.assertEquals(Assert.java:144)
	at com.test.sqs.HerokuappTest.verify_Delete_click(HerokuappTest.java:168)
	at sun.reflect.NativeMethodAccessorImpl.invoke0(Native Method)
	at sun.reflect.NativeMethodAccessorImpl.invoke(NativeMethodAccessorImpl.java:62)
	at sun.reflect.DelegatingMethodAccessorImpl.invoke(DelegatingMethodAccessorImpl.java:43)
	at java.lang.reflect.Method.invoke(Method.java:498)
	at org.testng.internal.MethodInvocationHelper.invokeMethod(MethodInvocationHelper.java:108)
	at org.testng.internal.Invoker.invokeMethod(Invoker.java:661)
	at org.testng.internal.Invoker.invokeTestMethod(Invoker.java:869)
	at org.testng.internal.Invoker.invokeTestMethods(Invoker.java:1193)
	at org.testng.internal.TestMethodWorker.invokeTestMethods(TestMethodWorker.java:126)
	at org.testng.internal.TestMethodWorker.run(TestMethodWorker.java:109)
	at org.testng.TestRunner.privateRun(TestRunner.java:744)
	at org.testng.TestRunner.run(TestRunner.java:602)
	at org.testng.SuiteRunner.runTest(SuiteRunner.java:380)
	at org.testng.SuiteRunner.runSequentially(SuiteRunner.java:375)
	at org.testng.SuiteRunner.privateRun(SuiteRunner.java:340)
	at org.testng.SuiteRunner.run(SuiteRunner.java:289)
	at org.testng.SuiteRunnerWorker.runSuite(SuiteRunnerWorker.java:52)
	at org.testng.SuiteRunnerWorker.run(SuiteRunnerWorker.java:86)
	at org.testng.TestNG.runSuitesSequentially(TestNG.java:1301)
	at org.testng.TestNG.runSuitesLocally(TestNG.java:1226)
	at org.testng.TestNG.runSuites(TestNG.java:1144)
	at org.testng.TestNG.run(TestNG.java:1115)
	at org.testng.remote.AbstractRemoteTestNG.run(AbstractRemoteTestNG.java:132)
	at org.testng.remote.RemoteTestNG.initAndRun(RemoteTestNG.java:230)
	at org.testng.remote.RemoteTestNG.main(RemoteTestNG.java:76)
</pre></div></td>
<td>0</td>
<td>com.test.sqs.HerokuappTest@548e7350</td></tr>
<tr>
<td title='com.test.sqs.HerokuappTest.verify_First_Button_Click()'><b>verify_First_Button_Click</b><br>Test class: com.test.sqs.HerokuappTest</td>
<td><div><pre>java.lang.AssertionError: Values should be different. Actual: {rotate={}, shadowBlur=0, closePath={}, fillRect={}, translate={}, mozCurrentTransform=[1, 0, 0, 1, 0, 0], ellipse={}, shadowColor=rgba(0, 0, 0, 0), canvas=[org.openqa.selenium.remote.RemoteWebElement@ded79d3d -&gt; unknown locator], strokeStyle=#000000, textAlign=start, drawFocusIfNeeded={}, resetTransform={}, miterLimit=10, fill={}, getLineDash={}, createPattern={}, lineCap=butt, isPointInStroke={}, fillStyle=#000000, createLinearGradient={}, lineDashOffset=0, shadowOffsetX=0, shadowOffsetY=0, imageSmoothingEnabled=true, mozImageSmoothingEnabled=true, createImageData={}, save={}, lineTo={}, scale={}, measureText={}, setLineDash={}, lineWidth=1, putImageData={}, rect={}, transform={}, arc={}, setTransform={}, globalAlpha=1, isPointInPath={}, createRadialGradient={}, strokeRect={}, fillText={}, textBaseline=alphabetic, arcTo={}, getImageData={}, strokeText={}, restore={}, beginPath={}, globalCompositeOperation=source-over, lineJoin=miter, quadraticCurveTo={}, bezierCurveTo={}, stroke={}, clearRect={}, filter=none, drawImage={}, mozTextStyle=60px Arial, mozCurrentTransformInverse=[1, 0, 0, 1, 0, 0], clip={}, font=60px Arial, moveTo={}}
	at org.junit.Assert.fail(Assert.java:88)
	at org.junit.Assert.failEquals(Assert.java:185)
	at org.junit.Assert.assertNotEquals(Assert.java:161)
	at org.junit.Assert.assertNotEquals(Assert.java:175)
	at com.test.sqs.HerokuappTest.verify_First_Button_Click(HerokuappTest.java:72)
	at sun.reflect.NativeMethodAccessorImpl.invoke0(Native Method)
	at sun.reflect.NativeMethodAccessorImpl.invoke(NativeMethodAccessorImpl.java:62)
	at sun.reflect.DelegatingMethodAccessorImpl.invoke(DelegatingMethodAccessorImpl.java:43)
	at java.lang.reflect.Method.invoke(Method.java:498)
	at org.testng.internal.MethodInvocationHelper.invokeMethod(MethodInvocationHelper.java:108)
	at org.testng.internal.Invoker.invokeMethod(Invoker.java:661)
	at org.testng.internal.Invoker.invokeTestMethod(Invoker.java:869)
	at org.testng.internal.Invoker.invokeTestMethods(Invoker.java:1193)
	at org.testng.internal.TestMethodWorker.invokeTestMethods(TestMethodWorker.java:126)
	at org.testng.internal.TestMethodWorker.run(TestMethodWorker.java:109)
	at org.testng.TestRunner.privateRun(TestRunner.java:744)
	at org.testng.TestRunner.run(TestRunner.java:602)
	at org.testng.SuiteRunner.runTest(SuiteRunner.java:380)
	at org.testng.SuiteRunner.runSequentially(SuiteRunner.java:375)
	at org.testng.SuiteRunner.privateRun(SuiteRunner.java:340)
	at org.testng.SuiteRunner.run(SuiteRunner.java:289)
	at org.testng.SuiteRunnerWorker.runSuite(SuiteRunnerWorker.java:52)
	at org.testng.SuiteRunnerWorker.run(SuiteRunnerWorker.java:86)
	at org.testng.TestNG.runSuitesSequentially(TestNG.java:1301)
	at org.testng.TestNG.runSuitesLocally(TestNG.java:1226)
	at org.testng.TestNG.runSuites(TestNG.java:1144)
	at org.testng.TestNG.run(TestNG.java:1115)
	at org.testng.remote.AbstractRemoteTestNG.run(AbstractRemoteTestNG.java:132)
	at org.testng.remote.RemoteTestNG.initAndRun(RemoteTestNG.java:230)
	at org.testng.remote.RemoteTestNG.main(RemoteTestNG.java:76)
</pre></div><a href='#' onClick='toggleBox("stack-trace1690101810", this, "Click to show all stack frames", "Click to hide stack frames")'>Click to show all stack frames</a>
<div class='stack-trace' id='stack-trace1690101810'><pre>java.lang.AssertionError: Values should be different. Actual: {rotate={}, shadowBlur=0, closePath={}, fillRect={}, translate={}, mozCurrentTransform=[1, 0, 0, 1, 0, 0], ellipse={}, shadowColor=rgba(0, 0, 0, 0), canvas=[org.openqa.selenium.remote.RemoteWebElement@ded79d3d -&gt; unknown locator], strokeStyle=#000000, textAlign=start, drawFocusIfNeeded={}, resetTransform={}, miterLimit=10, fill={}, getLineDash={}, createPattern={}, lineCap=butt, isPointInStroke={}, fillStyle=#000000, createLinearGradient={}, lineDashOffset=0, shadowOffsetX=0, shadowOffsetY=0, imageSmoothingEnabled=true, mozImageSmoothingEnabled=true, createImageData={}, save={}, lineTo={}, scale={}, measureText={}, setLineDash={}, lineWidth=1, putImageData={}, rect={}, transform={}, arc={}, setTransform={}, globalAlpha=1, isPointInPath={}, createRadialGradient={}, strokeRect={}, fillText={}, textBaseline=alphabetic, arcTo={}, getImageData={}, strokeText={}, restore={}, beginPath={}, globalCompositeOperation=source-over, lineJoin=miter, quadraticCurveTo={}, bezierCurveTo={}, stroke={}, clearRect={}, filter=none, drawImage={}, mozTextStyle=60px Arial, mozCurrentTransformInverse=[1, 0, 0, 1, 0, 0], clip={}, font=60px Arial, moveTo={}}
	at org.junit.Assert.fail(Assert.java:88)
	at org.junit.Assert.failEquals(Assert.java:185)
	at org.junit.Assert.assertNotEquals(Assert.java:161)
	at org.junit.Assert.assertNotEquals(Assert.java:175)
	at com.test.sqs.HerokuappTest.verify_First_Button_Click(HerokuappTest.java:72)
	at sun.reflect.NativeMethodAccessorImpl.invoke0(Native Method)
	at sun.reflect.NativeMethodAccessorImpl.invoke(NativeMethodAccessorImpl.java:62)
	at sun.reflect.DelegatingMethodAccessorImpl.invoke(DelegatingMethodAccessorImpl.java:43)
	at java.lang.reflect.Method.invoke(Method.java:498)
	at org.testng.internal.MethodInvocationHelper.invokeMethod(MethodInvocationHelper.java:108)
	at org.testng.internal.Invoker.invokeMethod(Invoker.java:661)
	at org.testng.internal.Invoker.invokeTestMethod(Invoker.java:869)
	at org.testng.internal.Invoker.invokeTestMethods(Invoker.java:1193)
	at org.testng.internal.TestMethodWorker.invokeTestMethods(TestMethodWorker.java:126)
	at org.testng.internal.TestMethodWorker.run(TestMethodWorker.java:109)
	at org.testng.TestRunner.privateRun(TestRunner.java:744)
	at org.testng.TestRunner.run(TestRunner.java:602)
	at org.testng.SuiteRunner.runTest(SuiteRunner.java:380)
	at org.testng.SuiteRunner.runSequentially(SuiteRunner.java:375)
	at org.testng.SuiteRunner.privateRun(SuiteRunner.java:340)
	at org.testng.SuiteRunner.run(SuiteRunner.java:289)
	at org.testng.SuiteRunnerWorker.runSuite(SuiteRunnerWorker.java:52)
	at org.testng.SuiteRunnerWorker.run(SuiteRunnerWorker.java:86)
	at org.testng.TestNG.runSuitesSequentially(TestNG.java:1301)
	at org.testng.TestNG.runSuitesLocally(TestNG.java:1226)
	at org.testng.TestNG.runSuites(TestNG.java:1144)
	at org.testng.TestNG.run(TestNG.java:1115)
	at org.testng.remote.AbstractRemoteTestNG.run(AbstractRemoteTestNG.java:132)
	at org.testng.remote.RemoteTestNG.initAndRun(RemoteTestNG.java:230)
	at org.testng.remote.RemoteTestNG.main(RemoteTestNG.java:76)
</pre></div></td>
<td>2</td>
<td>com.test.sqs.HerokuappTest@548e7350</td></tr>
<tr>
<td title='com.test.sqs.HerokuappTest.verify_Second_Button_Click()'><b>verify_Second_Button_Click</b><br>Test class: com.test.sqs.HerokuappTest</td>
<td><div><pre>java.lang.AssertionError: Values should be different. Actual: {rotate={}, shadowBlur=0, closePath={}, fillRect={}, translate={}, mozCurrentTransform=[1, 0, 0, 1, 0, 0], ellipse={}, shadowColor=rgba(0, 0, 0, 0), canvas=[org.openqa.selenium.remote.RemoteWebElement@3490be85 -&gt; unknown locator], strokeStyle=#000000, textAlign=start, drawFocusIfNeeded={}, resetTransform={}, miterLimit=10, fill={}, getLineDash={}, createPattern={}, lineCap=butt, isPointInStroke={}, fillStyle=#000000, createLinearGradient={}, lineDashOffset=0, shadowOffsetX=0, shadowOffsetY=0, imageSmoothingEnabled=true, mozImageSmoothingEnabled=true, createImageData={}, save={}, lineTo={}, scale={}, measureText={}, setLineDash={}, lineWidth=1, putImageData={}, rect={}, transform={}, arc={}, setTransform={}, globalAlpha=1, isPointInPath={}, createRadialGradient={}, strokeRect={}, fillText={}, textBaseline=alphabetic, arcTo={}, getImageData={}, strokeText={}, restore={}, beginPath={}, globalCompositeOperation=source-over, lineJoin=miter, quadraticCurveTo={}, bezierCurveTo={}, stroke={}, clearRect={}, filter=none, drawImage={}, mozTextStyle=60px Arial, mozCurrentTransformInverse=[1, 0, 0, 1, 0, 0], clip={}, font=60px Arial, moveTo={}}
	at org.junit.Assert.fail(Assert.java:88)
	at org.junit.Assert.failEquals(Assert.java:185)
	at org.junit.Assert.assertNotEquals(Assert.java:161)
	at org.junit.Assert.assertNotEquals(Assert.java:175)
	at com.test.sqs.HerokuappTest.verify_Second_Button_Click(HerokuappTest.java:89)
	at sun.reflect.NativeMethodAccessorImpl.invoke0(Native Method)
	at sun.reflect.NativeMethodAccessorImpl.invoke(NativeMethodAccessorImpl.java:62)
	at sun.reflect.DelegatingMethodAccessorImpl.invoke(DelegatingMethodAccessorImpl.java:43)
	at java.lang.reflect.Method.invoke(Method.java:498)
	at org.testng.internal.MethodInvocationHelper.invokeMethod(MethodInvocationHelper.java:108)
	at org.testng.internal.Invoker.invokeMethod(Invoker.java:661)
	at org.testng.internal.Invoker.invokeTestMethod(Invoker.java:869)
	at org.testng.internal.Invoker.invokeTestMethods(Invoker.java:1193)
	at org.testng.internal.TestMethodWorker.invokeTestMethods(TestMethodWorker.java:126)
	at org.testng.internal.TestMethodWorker.run(TestMethodWorker.java:109)
	at org.testng.TestRunner.privateRun(TestRunner.java:744)
	at org.testng.TestRunner.run(TestRunner.java:602)
	at org.testng.SuiteRunner.runTest(SuiteRunner.java:380)
	at org.testng.SuiteRunner.runSequentially(SuiteRunner.java:375)
	at org.testng.SuiteRunner.privateRun(SuiteRunner.java:340)
	at org.testng.SuiteRunner.run(SuiteRunner.java:289)
	at org.testng.SuiteRunnerWorker.runSuite(SuiteRunnerWorker.java:52)
	at org.testng.SuiteRunnerWorker.run(SuiteRunnerWorker.java:86)
	at org.testng.TestNG.runSuitesSequentially(TestNG.java:1301)
	at org.testng.TestNG.runSuitesLocally(TestNG.java:1226)
	at org.testng.TestNG.runSuites(TestNG.java:1144)
	at org.testng.TestNG.run(TestNG.java:1115)
	at org.testng.remote.AbstractRemoteTestNG.run(AbstractRemoteTestNG.java:132)
	at org.testng.remote.RemoteTestNG.initAndRun(RemoteTestNG.java:230)
	at org.testng.remote.RemoteTestNG.main(RemoteTestNG.java:76)
</pre></div><a href='#' onClick='toggleBox("stack-trace941836856", this, "Click to show all stack frames", "Click to hide stack frames")'>Click to show all stack frames</a>
<div class='stack-trace' id='stack-trace941836856'><pre>java.lang.AssertionError: Values should be different. Actual: {rotate={}, shadowBlur=0, closePath={}, fillRect={}, translate={}, mozCurrentTransform=[1, 0, 0, 1, 0, 0], ellipse={}, shadowColor=rgba(0, 0, 0, 0), canvas=[org.openqa.selenium.remote.RemoteWebElement@3490be85 -&gt; unknown locator], strokeStyle=#000000, textAlign=start, drawFocusIfNeeded={}, resetTransform={}, miterLimit=10, fill={}, getLineDash={}, createPattern={}, lineCap=butt, isPointInStroke={}, fillStyle=#000000, createLinearGradient={}, lineDashOffset=0, shadowOffsetX=0, shadowOffsetY=0, imageSmoothingEnabled=true, mozImageSmoothingEnabled=true, createImageData={}, save={}, lineTo={}, scale={}, measureText={}, setLineDash={}, lineWidth=1, putImageData={}, rect={}, transform={}, arc={}, setTransform={}, globalAlpha=1, isPointInPath={}, createRadialGradient={}, strokeRect={}, fillText={}, textBaseline=alphabetic, arcTo={}, getImageData={}, strokeText={}, restore={}, beginPath={}, globalCompositeOperation=source-over, lineJoin=miter, quadraticCurveTo={}, bezierCurveTo={}, stroke={}, clearRect={}, filter=none, drawImage={}, mozTextStyle=60px Arial, mozCurrentTransformInverse=[1, 0, 0, 1, 0, 0], clip={}, font=60px Arial, moveTo={}}
	at org.junit.Assert.fail(Assert.java:88)
	at org.junit.Assert.failEquals(Assert.java:185)
	at org.junit.Assert.assertNotEquals(Assert.java:161)
	at org.junit.Assert.assertNotEquals(Assert.java:175)
	at com.test.sqs.HerokuappTest.verify_Second_Button_Click(HerokuappTest.java:89)
	at sun.reflect.NativeMethodAccessorImpl.invoke0(Native Method)
	at sun.reflect.NativeMethodAccessorImpl.invoke(NativeMethodAccessorImpl.java:62)
	at sun.reflect.DelegatingMethodAccessorImpl.invoke(DelegatingMethodAccessorImpl.java:43)
	at java.lang.reflect.Method.invoke(Method.java:498)
	at org.testng.internal.MethodInvocationHelper.invokeMethod(MethodInvocationHelper.java:108)
	at org.testng.internal.Invoker.invokeMethod(Invoker.java:661)
	at org.testng.internal.Invoker.invokeTestMethod(Invoker.java:869)
	at org.testng.internal.Invoker.invokeTestMethods(Invoker.java:1193)
	at org.testng.internal.TestMethodWorker.invokeTestMethods(TestMethodWorker.java:126)
	at org.testng.internal.TestMethodWorker.run(TestMethodWorker.java:109)
	at org.testng.TestRunner.privateRun(TestRunner.java:744)
	at org.testng.TestRunner.run(TestRunner.java:602)
	at org.testng.SuiteRunner.runTest(SuiteRunner.java:380)
	at org.testng.SuiteRunner.runSequentially(SuiteRunner.java:375)
	at org.testng.SuiteRunner.privateRun(SuiteRunner.java:340)
	at org.testng.SuiteRunner.run(SuiteRunner.java:289)
	at org.testng.SuiteRunnerWorker.runSuite(SuiteRunnerWorker.java:52)
	at org.testng.SuiteRunnerWorker.run(SuiteRunnerWorker.java:86)
	at org.testng.TestNG.runSuitesSequentially(TestNG.java:1301)
	at org.testng.TestNG.runSuitesLocally(TestNG.java:1226)
	at org.testng.TestNG.runSuites(TestNG.java:1144)
	at org.testng.TestNG.run(TestNG.java:1115)
	at org.testng.remote.AbstractRemoteTestNG.run(AbstractRemoteTestNG.java:132)
	at org.testng.remote.RemoteTestNG.initAndRun(RemoteTestNG.java:230)
	at org.testng.remote.RemoteTestNG.main(RemoteTestNG.java:76)
</pre></div></td>
<td>0</td>
<td>com.test.sqs.HerokuappTest@548e7350</td></tr>
<tr>
<td title='com.test.sqs.HerokuappTest.verify_Thrid_Button_Click()'><b>verify_Thrid_Button_Click</b><br>Test class: com.test.sqs.HerokuappTest</td>
<td><div><pre>java.lang.AssertionError: Values should be different. Actual: {rotate={}, shadowBlur=0, closePath={}, fillRect={}, translate={}, mozCurrentTransform=[1, 0, 0, 1, 0, 0], ellipse={}, shadowColor=rgba(0, 0, 0, 0), canvas=[org.openqa.selenium.remote.RemoteWebElement@4443338c -&gt; unknown locator], strokeStyle=#000000, textAlign=start, drawFocusIfNeeded={}, resetTransform={}, miterLimit=10, fill={}, getLineDash={}, createPattern={}, lineCap=butt, isPointInStroke={}, fillStyle=#000000, createLinearGradient={}, lineDashOffset=0, shadowOffsetX=0, shadowOffsetY=0, imageSmoothingEnabled=true, mozImageSmoothingEnabled=true, createImageData={}, save={}, lineTo={}, scale={}, measureText={}, setLineDash={}, lineWidth=1, putImageData={}, rect={}, transform={}, arc={}, setTransform={}, globalAlpha=1, isPointInPath={}, createRadialGradient={}, strokeRect={}, fillText={}, textBaseline=alphabetic, arcTo={}, getImageData={}, strokeText={}, restore={}, beginPath={}, globalCompositeOperation=source-over, lineJoin=miter, quadraticCurveTo={}, bezierCurveTo={}, stroke={}, clearRect={}, filter=none, drawImage={}, mozTextStyle=60px Arial, mozCurrentTransformInverse=[1, 0, 0, 1, 0, 0], clip={}, font=60px Arial, moveTo={}}
	at org.junit.Assert.fail(Assert.java:88)
	at org.junit.Assert.failEquals(Assert.java:185)
	at org.junit.Assert.assertNotEquals(Assert.java:161)
	at org.junit.Assert.assertNotEquals(Assert.java:175)
	at com.test.sqs.HerokuappTest.verify_Thrid_Button_Click(HerokuappTest.java:105)
	at sun.reflect.NativeMethodAccessorImpl.invoke0(Native Method)
	at sun.reflect.NativeMethodAccessorImpl.invoke(NativeMethodAccessorImpl.java:62)
	at sun.reflect.DelegatingMethodAccessorImpl.invoke(DelegatingMethodAccessorImpl.java:43)
	at java.lang.reflect.Method.invoke(Method.java:498)
	at org.testng.internal.MethodInvocationHelper.invokeMethod(MethodInvocationHelper.java:108)
	at org.testng.internal.Invoker.invokeMethod(Invoker.java:661)
	at org.testng.internal.Invoker.invokeTestMethod(Invoker.java:869)
	at org.testng.internal.Invoker.invokeTestMethods(Invoker.java:1193)
	at org.testng.internal.TestMethodWorker.invokeTestMethods(TestMethodWorker.java:126)
	at org.testng.internal.TestMethodWorker.run(TestMethodWorker.java:109)
	at org.testng.TestRunner.privateRun(TestRunner.java:744)
	at org.testng.TestRunner.run(TestRunner.java:602)
	at org.testng.SuiteRunner.runTest(SuiteRunner.java:380)
	at org.testng.SuiteRunner.runSequentially(SuiteRunner.java:375)
	at org.testng.SuiteRunner.privateRun(SuiteRunner.java:340)
	at org.testng.SuiteRunner.run(SuiteRunner.java:289)
	at org.testng.SuiteRunnerWorker.runSuite(SuiteRunnerWorker.java:52)
	at org.testng.SuiteRunnerWorker.run(SuiteRunnerWorker.java:86)
	at org.testng.TestNG.runSuitesSequentially(TestNG.java:1301)
	at org.testng.TestNG.runSuitesLocally(TestNG.java:1226)
	at org.testng.TestNG.runSuites(TestNG.java:1144)
	at org.testng.TestNG.run(TestNG.java:1115)
	at org.testng.remote.AbstractRemoteTestNG.run(AbstractRemoteTestNG.java:132)
	at org.testng.remote.RemoteTestNG.initAndRun(RemoteTestNG.java:230)
	at org.testng.remote.RemoteTestNG.main(RemoteTestNG.java:76)
</pre></div><a href='#' onClick='toggleBox("stack-trace124734309", this, "Click to show all stack frames", "Click to hide stack frames")'>Click to show all stack frames</a>
<div class='stack-trace' id='stack-trace124734309'><pre>java.lang.AssertionError: Values should be different. Actual: {rotate={}, shadowBlur=0, closePath={}, fillRect={}, translate={}, mozCurrentTransform=[1, 0, 0, 1, 0, 0], ellipse={}, shadowColor=rgba(0, 0, 0, 0), canvas=[org.openqa.selenium.remote.RemoteWebElement@4443338c -&gt; unknown locator], strokeStyle=#000000, textAlign=start, drawFocusIfNeeded={}, resetTransform={}, miterLimit=10, fill={}, getLineDash={}, createPattern={}, lineCap=butt, isPointInStroke={}, fillStyle=#000000, createLinearGradient={}, lineDashOffset=0, shadowOffsetX=0, shadowOffsetY=0, imageSmoothingEnabled=true, mozImageSmoothingEnabled=true, createImageData={}, save={}, lineTo={}, scale={}, measureText={}, setLineDash={}, lineWidth=1, putImageData={}, rect={}, transform={}, arc={}, setTransform={}, globalAlpha=1, isPointInPath={}, createRadialGradient={}, strokeRect={}, fillText={}, textBaseline=alphabetic, arcTo={}, getImageData={}, strokeText={}, restore={}, beginPath={}, globalCompositeOperation=source-over, lineJoin=miter, quadraticCurveTo={}, bezierCurveTo={}, stroke={}, clearRect={}, filter=none, drawImage={}, mozTextStyle=60px Arial, mozCurrentTransformInverse=[1, 0, 0, 1, 0, 0], clip={}, font=60px Arial, moveTo={}}
	at org.junit.Assert.fail(Assert.java:88)
	at org.junit.Assert.failEquals(Assert.java:185)
	at org.junit.Assert.assertNotEquals(Assert.java:161)
	at org.junit.Assert.assertNotEquals(Assert.java:175)
	at com.test.sqs.HerokuappTest.verify_Thrid_Button_Click(HerokuappTest.java:105)
	at sun.reflect.NativeMethodAccessorImpl.invoke0(Native Method)
	at sun.reflect.NativeMethodAccessorImpl.invoke(NativeMethodAccessorImpl.java:62)
	at sun.reflect.DelegatingMethodAccessorImpl.invoke(DelegatingMethodAccessorImpl.java:43)
	at java.lang.reflect.Method.invoke(Method.java:498)
	at org.testng.internal.MethodInvocationHelper.invokeMethod(MethodInvocationHelper.java:108)
	at org.testng.internal.Invoker.invokeMethod(Invoker.java:661)
	at org.testng.internal.Invoker.invokeTestMethod(Invoker.java:869)
	at org.testng.internal.Invoker.invokeTestMethods(Invoker.java:1193)
	at org.testng.internal.TestMethodWorker.invokeTestMethods(TestMethodWorker.java:126)
	at org.testng.internal.TestMethodWorker.run(TestMethodWorker.java:109)
	at org.testng.TestRunner.privateRun(TestRunner.java:744)
	at org.testng.TestRunner.run(TestRunner.java:602)
	at org.testng.SuiteRunner.runTest(SuiteRunner.java:380)
	at org.testng.SuiteRunner.runSequentially(SuiteRunner.java:375)
	at org.testng.SuiteRunner.privateRun(SuiteRunner.java:340)
	at org.testng.SuiteRunner.run(SuiteRunner.java:289)
	at org.testng.SuiteRunnerWorker.runSuite(SuiteRunnerWorker.java:52)
	at org.testng.SuiteRunnerWorker.run(SuiteRunnerWorker.java:86)
	at org.testng.TestNG.runSuitesSequentially(TestNG.java:1301)
	at org.testng.TestNG.runSuitesLocally(TestNG.java:1226)
	at org.testng.TestNG.runSuites(TestNG.java:1144)
	at org.testng.TestNG.run(TestNG.java:1115)
	at org.testng.remote.AbstractRemoteTestNG.run(AbstractRemoteTestNG.java:132)
	at org.testng.remote.RemoteTestNG.initAndRun(RemoteTestNG.java:230)
	at org.testng.remote.RemoteTestNG.main(RemoteTestNG.java:76)
</pre></div></td>
<td>0</td>
<td>com.test.sqs.HerokuappTest@548e7350</td></tr>
<tr>
<td title='com.test.sqs.HerokuappTest.verify_edit_click()'><b>verify_edit_click</b><br>Test class: com.test.sqs.HerokuappTest</td>
<td><div><pre>org.junit.ComparisonFailure: expected:&lt;....com/challenging_dom[]&gt; but was:&lt;....com/challenging_dom[#edit]&gt;
	at org.junit.Assert.assertEquals(Assert.java:115)
	at org.junit.Assert.assertEquals(Assert.java:144)
	at com.test.sqs.HerokuappTest.verify_edit_click(HerokuappTest.java:160)
	at sun.reflect.NativeMethodAccessorImpl.invoke0(Native Method)
	at sun.reflect.NativeMethodAccessorImpl.invoke(NativeMethodAccessorImpl.java:62)
	at sun.reflect.DelegatingMethodAccessorImpl.invoke(DelegatingMethodAccessorImpl.java:43)
	at java.lang.reflect.Method.invoke(Method.java:498)
	at org.testng.internal.MethodInvocationHelper.invokeMethod(MethodInvocationHelper.java:108)
	at org.testng.internal.Invoker.invokeMethod(Invoker.java:661)
	at org.testng.internal.Invoker.invokeTestMethod(Invoker.java:869)
	at org.testng.internal.Invoker.invokeTestMethods(Invoker.java:1193)
	at org.testng.internal.TestMethodWorker.invokeTestMethods(TestMethodWorker.java:126)
	at org.testng.internal.TestMethodWorker.run(TestMethodWorker.java:109)
	at org.testng.TestRunner.privateRun(TestRunner.java:744)
	at org.testng.TestRunner.run(TestRunner.java:602)
	at org.testng.SuiteRunner.runTest(SuiteRunner.java:380)
	at org.testng.SuiteRunner.runSequentially(SuiteRunner.java:375)
	at org.testng.SuiteRunner.privateRun(SuiteRunner.java:340)
	at org.testng.SuiteRunner.run(SuiteRunner.java:289)
	at org.testng.SuiteRunnerWorker.runSuite(SuiteRunnerWorker.java:52)
	at org.testng.SuiteRunnerWorker.run(SuiteRunnerWorker.java:86)
	at org.testng.TestNG.runSuitesSequentially(TestNG.java:1301)
	at org.testng.TestNG.runSuitesLocally(TestNG.java:1226)
	at org.testng.TestNG.runSuites(TestNG.java:1144)
	at org.testng.TestNG.run(TestNG.java:1115)
	at org.testng.remote.AbstractRemoteTestNG.run(AbstractRemoteTestNG.java:132)
	at org.testng.remote.RemoteTestNG.initAndRun(RemoteTestNG.java:230)
	at org.testng.remote.RemoteTestNG.main(RemoteTestNG.java:76)
</pre></div><a href='#' onClick='toggleBox("stack-trace1380924218", this, "Click to show all stack frames", "Click to hide stack frames")'>Click to show all stack frames</a>
<div class='stack-trace' id='stack-trace1380924218'><pre>org.junit.ComparisonFailure: expected:&lt;....com/challenging_dom[]&gt; but was:&lt;....com/challenging_dom[#edit]&gt;
	at org.junit.Assert.assertEquals(Assert.java:115)
	at org.junit.Assert.assertEquals(Assert.java:144)
	at com.test.sqs.HerokuappTest.verify_edit_click(HerokuappTest.java:160)
	at sun.reflect.NativeMethodAccessorImpl.invoke0(Native Method)
	at sun.reflect.NativeMethodAccessorImpl.invoke(NativeMethodAccessorImpl.java:62)
	at sun.reflect.DelegatingMethodAccessorImpl.invoke(DelegatingMethodAccessorImpl.java:43)
	at java.lang.reflect.Method.invoke(Method.java:498)
	at org.testng.internal.MethodInvocationHelper.invokeMethod(MethodInvocationHelper.java:108)
	at org.testng.internal.Invoker.invokeMethod(Invoker.java:661)
	at org.testng.internal.Invoker.invokeTestMethod(Invoker.java:869)
	at org.testng.internal.Invoker.invokeTestMethods(Invoker.java:1193)
	at org.testng.internal.TestMethodWorker.invokeTestMethods(TestMethodWorker.java:126)
	at org.testng.internal.TestMethodWorker.run(TestMethodWorker.java:109)
	at org.testng.TestRunner.privateRun(TestRunner.java:744)
	at org.testng.TestRunner.run(TestRunner.java:602)
	at org.testng.SuiteRunner.runTest(SuiteRunner.java:380)
	at org.testng.SuiteRunner.runSequentially(SuiteRunner.java:375)
	at org.testng.SuiteRunner.privateRun(SuiteRunner.java:340)
	at org.testng.SuiteRunner.run(SuiteRunner.java:289)
	at org.testng.SuiteRunnerWorker.runSuite(SuiteRunnerWorker.java:52)
	at org.testng.SuiteRunnerWorker.run(SuiteRunnerWorker.java:86)
	at org.testng.TestNG.runSuitesSequentially(TestNG.java:1301)
	at org.testng.TestNG.runSuitesLocally(TestNG.java:1226)
	at org.testng.TestNG.runSuites(TestNG.java:1144)
	at org.testng.TestNG.run(TestNG.java:1115)
	at org.testng.remote.AbstractRemoteTestNG.run(AbstractRemoteTestNG.java:132)
	at org.testng.remote.RemoteTestNG.initAndRun(RemoteTestNG.java:230)
	at org.testng.remote.RemoteTestNG.main(RemoteTestNG.java:76)
</pre></div></td>
<td>0</td>
<td>com.test.sqs.HerokuappTest@548e7350</td></tr>
</table><p>
<table width='100%' border='1' class='invocation-passed'>
<tr><td colspan='4' align='center'><b>PASSED TESTS</b></td></tr>
<tr><td><b>Test method</b></td>
<td width="30%"><b>Exception</b></td>
<td width="10%"><b>Time (seconds)</b></td>
<td><b>Instance</b></td>
</tr>
<tr>
<td title='com.test.sqs.HerokuappTest.verify_Buttons()'><b>verify_Buttons</b><br>Test class: com.test.sqs.HerokuappTest</td>
<td></td>
<td>0</td>
<td>com.test.sqs.HerokuappTest@548e7350</td></tr>
<tr>
<td title='com.test.sqs.HerokuappTest.verify_Click_Element()'><b>verify_Click_Element</b><br>Test class: com.test.sqs.HerokuappTest</td>
<td></td>
<td>4</td>
<td>com.test.sqs.HerokuappTest@548e7350</td></tr>
<tr>
<td title='com.test.sqs.HerokuappTest.verify_Click_linkTest()'><b>verify_Click_linkTest</b><br>Test class: com.test.sqs.HerokuappTest</td>
<td></td>
<td>6</td>
<td>com.test.sqs.HerokuappTest@548e7350</td></tr>
<tr>
<td title='com.test.sqs.HerokuappTest.verify_heading()'><b>verify_heading</b><br>Test class: com.test.sqs.HerokuappTest</td>
<td></td>
<td>0</td>
<td>com.test.sqs.HerokuappTest@548e7350</td></tr>
<tr>
<td title='com.test.sqs.HerokuappTest.verify_numberof_columns()'><b>verify_numberof_columns</b><br>Test class: com.test.sqs.HerokuappTest</td>
<td></td>
<td>0</td>
<td>com.test.sqs.HerokuappTest@548e7350</td></tr>
<tr>
<td title='com.test.sqs.HerokuappTest.verify_numberof_rows()'><b>verify_numberof_rows</b><br>Test class: com.test.sqs.HerokuappTest</td>
<td></td>
<td>0</td>
<td>com.test.sqs.HerokuappTest@548e7350</td></tr>
<tr>
<td title='com.test.sqs.HerokuappTest.verify_table_heading_names()'><b>verify_table_heading_names</b><br>Test class: com.test.sqs.HerokuappTest</td>
<td></td>
<td>0</td>
<td>com.test.sqs.HerokuappTest@548e7350</td></tr>
</table><p>
</body>
</html>