<!DOCTYPE html PUBLIC "-//W3C//DTD XHTML 1.1//EN" "http://www.w3.org/TR/xhtml11/DTD/xhtml11.dtd">
<html xmlns="http://www.w3.org/1999/xhtml"><head><title>TestNG Report</title><style type="text/css">table {margin-bottom:10px;border-collapse:collapse;empty-cells:show}th,td {border:1px solid #009;padding:.25em .5em}th {vertical-align:bottom}td {vertical-align:top}table a {font-weight:bold}.stripe td {background-color: #E6EBF9}.num {text-align:right}.passedodd td {background-color: #3F3}.passedeven td {background-color: #0A0}.skippedodd td {background-color: #DDD}.skippedeven td {background-color: #CCC}.failedodd td,.attn {background-color: #F33}.failedeven td,.stripe .attn {background-color: #D00}.stacktrace {white-space:pre;font-family:monospace}.totop {font-size:85%;text-align:center;border-bottom:2px solid #000}</style></head><body><table><tr><th>Test</th><th># Passed</th><th># Skipped</th><th># Failed</th><th>Time (ms)</th><th>Included Groups</th><th>Excluded Groups</th></tr><tr><th colspan="7">Default suite</th></tr><tr><td><a href="#t0">Default test</a></td><td class="num">7</td><td class="num">0</td><td class="num attn">5</td><td class="num">65,706</td><td></td><td></td></tr></table><table id='summary'><thead><tr><th>Class</th><th>Method</th><th>Start</th><th>Time (ms)</th></tr></thead><tbody><tr><th colspan="4">Default suite</th></tr></tbody><tbody id="t0"><tr><th colspan="4">Default test &#8212; failed</th></tr><tr class="failedeven"><td rowspan="5">com.test.sqs.HerokuappTest</td><td><a href="#m0">verify_Delete_click</a></td><td rowspan="1">1500829534258</td><td rowspan="1">349</td></tr><tr class="failedeven"><td><a href="#m1">verify_First_Button_Click</a></td><td rowspan="1">1500829537367</td><td rowspan="1">2438</td></tr><tr class="failedeven"><td><a href="#m2">verify_Second_Button_Click</a></td><td rowspan="1">1500829542654</td><td rowspan="1">372</td></tr><tr class="failedeven"><td><a href="#m3">verify_Thrid_Button_Click</a></td><td rowspan="1">1500829545905</td><td rowspan="1">427</td></tr><tr class="failedeven"><td><a href="#m4">verify_edit_click</a></td><td rowspan="1">1500829549130</td><td rowspan="1">341</td></tr><tr><th colspan="4">Default test &#8212; passed</th></tr><tr class="passedeven"><td rowspan="7">com.test.sqs.HerokuappTest</td><td><a href="#m5">verify_Buttons</a></td><td rowspan="1">1500829514388</td><td rowspan="1">70</td></tr><tr class="passedeven"><td><a href="#m6">verify_Click_Element</a></td><td rowspan="1">1500829517095</td><td rowspan="1">4830</td></tr><tr class="passedeven"><td><a href="#m7">verify_Click_linkTest</a></td><td rowspan="1">1500829524567</td><td rowspan="1">6778</td></tr><tr class="passedeven"><td><a href="#m8">verify_heading</a></td><td rowspan="1">1500829552422</td><td rowspan="1">87</td></tr><tr class="passedeven"><td><a href="#m9">verify_numberof_columns</a></td><td rowspan="1">1500829555311</td><td rowspan="1">48</td></tr><tr class="passedeven"><td><a href="#m10">verify_numberof_rows</a></td><td rowspan="1">1500829558186</td><td rowspan="1">119</td></tr><tr class="passedeven"><td><a href="#m11">verify_table_heading_names</a></td><td rowspan="1">1500829561082</td><td rowspan="1">273</td></tr></tbody></table><h2>Default test</h2><h3 id="m0">com.test.sqs.HerokuappTest#verify_Delete_click</h3><table class="result"><tr><th>Exception</th></tr><tr><td><div class="stacktrace">org.junit.ComparisonFailure: expected:&lt;....com/challenging_dom[]&gt; but was:&lt;....com/challenging_dom[#delete]&gt;
	at org.junit.Assert.assertEquals(Assert.java:115)
	at org.junit.Assert.assertEquals(Assert.java:144)
	at com.test.sqs.HerokuappTest.verify_Delete_click(HerokuappTest.java:168)
	at sun.reflect.NativeMethodAccessorImpl.invoke0(Native Method)
	at sun.reflect.NativeMethodAccessorImpl.invoke(NativeMethodAccessorImpl.java:62)
	at sun.reflect.DelegatingMethodAccessorImpl.invoke(DelegatingMethodAccessorImpl.java:43)
	at java.lang.reflect.Method.invoke(Method.java:498)
	at org.testng.internal.MethodInvocationHelper.invokeMethod(MethodInvocationHelper.java:108)
	at org.testng.internal.Invoker.invokeMethod(Invoker.java:661)
	at org.testng.internal.Invoker.invokeTestMethod(Invoker.java:869)
	at org.testng.internal.Invoker.invokeTestMethods(Invoker.java:1193)
	at org.testng.internal.TestMethodWorker.invokeTestMethods(TestMethodWorker.java:126)
	at org.testng.internal.TestMethodWorker.run(TestMethodWorker.java:109)
	at org.testng.TestRunner.privateRun(TestRunner.java:744)
	at org.testng.TestRunner.run(TestRunner.java:602)
	at org.testng.SuiteRunner.runTest(SuiteRunner.java:380)
	at org.testng.SuiteRunner.runSequentially(SuiteRunner.java:375)
	at org.testng.SuiteRunner.privateRun(SuiteRunner.java:340)
	at org.testng.SuiteRunner.run(SuiteRunner.java:289)
	at org.testng.SuiteRunnerWorker.runSuite(SuiteRunnerWorker.java:52)
	at org.testng.SuiteRunnerWorker.run(SuiteRunnerWorker.java:86)
	at org.testng.TestNG.runSuitesSequentially(TestNG.java:1301)
	at org.testng.TestNG.runSuitesLocally(TestNG.java:1226)
	at org.testng.TestNG.runSuites(TestNG.java:1144)
	at org.testng.TestNG.run(TestNG.java:1115)
	at org.testng.remote.AbstractRemoteTestNG.run(AbstractRemoteTestNG.java:132)
	at org.testng.remote.RemoteTestNG.initAndRun(RemoteTestNG.java:230)
	at org.testng.remote.RemoteTestNG.main(RemoteTestNG.java:76)
</div></td></tr></table><p class="totop"><a href="#summary">back to summary</a></p><h3 id="m1">com.test.sqs.HerokuappTest#verify_First_Button_Click</h3><table class="result"><tr><th>Exception</th></tr><tr><td><div class="stacktrace">java.lang.AssertionError: Values should be different. Actual: {rotate={}, shadowBlur=0, closePath={}, fillRect={}, translate={}, mozCurrentTransform=[1, 0, 0, 1, 0, 0], ellipse={}, shadowColor=rgba(0, 0, 0, 0), canvas=[org.openqa.selenium.remote.RemoteWebElement@ded79d3d -&gt; unknown locator], strokeStyle=#000000, textAlign=start, drawFocusIfNeeded={}, resetTransform={}, miterLimit=10, fill={}, getLineDash={}, createPattern={}, lineCap=butt, isPointInStroke={}, fillStyle=#000000, createLinearGradient={}, lineDashOffset=0, shadowOffsetX=0, shadowOffsetY=0, imageSmoothingEnabled=true, mozImageSmoothingEnabled=true, createImageData={}, save={}, lineTo={}, scale={}, measureText={}, setLineDash={}, lineWidth=1, putImageData={}, rect={}, transform={}, arc={}, setTransform={}, globalAlpha=1, isPointInPath={}, createRadialGradient={}, strokeRect={}, fillText={}, textBaseline=alphabetic, arcTo={}, getImageData={}, strokeText={}, restore={}, beginPath={}, globalCompositeOperation=source-over, lineJoin=miter, quadraticCurveTo={}, bezierCurveTo={}, stroke={}, clearRect={}, filter=none, drawImage={}, mozTextStyle=60px Arial, mozCurrentTransformInverse=[1, 0, 0, 1, 0, 0], clip={}, font=60px Arial, moveTo={}}
	at org.junit.Assert.fail(Assert.java:88)
	at org.junit.Assert.failEquals(Assert.java:185)
	at org.junit.Assert.assertNotEquals(Assert.java:161)
	at org.junit.Assert.assertNotEquals(Assert.java:175)
	at com.test.sqs.HerokuappTest.verify_First_Button_Click(HerokuappTest.java:72)
	at sun.reflect.NativeMethodAccessorImpl.invoke0(Native Method)
	at sun.reflect.NativeMethodAccessorImpl.invoke(NativeMethodAccessorImpl.java:62)
	at sun.reflect.DelegatingMethodAccessorImpl.invoke(DelegatingMethodAccessorImpl.java:43)
	at java.lang.reflect.Method.invoke(Method.java:498)
	at org.testng.internal.MethodInvocationHelper.invokeMethod(MethodInvocationHelper.java:108)
	at org.testng.internal.Invoker.invokeMethod(Invoker.java:661)
	at org.testng.internal.Invoker.invokeTestMethod(Invoker.java:869)
	at org.testng.internal.Invoker.invokeTestMethods(Invoker.java:1193)
	at org.testng.internal.TestMethodWorker.invokeTestMethods(TestMethodWorker.java:126)
	at org.testng.internal.TestMethodWorker.run(TestMethodWorker.java:109)
	at org.testng.TestRunner.privateRun(TestRunner.java:744)
	at org.testng.TestRunner.run(TestRunner.java:602)
	at org.testng.SuiteRunner.runTest(SuiteRunner.java:380)
	at org.testng.SuiteRunner.runSequentially(SuiteRunner.java:375)
	at org.testng.SuiteRunner.privateRun(SuiteRunner.java:340)
	at org.testng.SuiteRunner.run(SuiteRunner.java:289)
	at org.testng.SuiteRunnerWorker.runSuite(SuiteRunnerWorker.java:52)
	at org.testng.SuiteRunnerWorker.run(SuiteRunnerWorker.java:86)
	at org.testng.TestNG.runSuitesSequentially(TestNG.java:1301)
	at org.testng.TestNG.runSuitesLocally(TestNG.java:1226)
	at org.testng.TestNG.runSuites(TestNG.java:1144)
	at org.testng.TestNG.run(TestNG.java:1115)
	at org.testng.remote.AbstractRemoteTestNG.run(AbstractRemoteTestNG.java:132)
	at org.testng.remote.RemoteTestNG.initAndRun(RemoteTestNG.java:230)
	at org.testng.remote.RemoteTestNG.main(RemoteTestNG.java:76)
</div></td></tr></table><p class="totop"><a href="#summary">back to summary</a></p><h3 id="m2">com.test.sqs.HerokuappTest#verify_Second_Button_Click</h3><table class="result"><tr><th>Exception</th></tr><tr><td><div class="stacktrace">java.lang.AssertionError: Values should be different. Actual: {rotate={}, shadowBlur=0, closePath={}, fillRect={}, translate={}, mozCurrentTransform=[1, 0, 0, 1, 0, 0], ellipse={}, shadowColor=rgba(0, 0, 0, 0), canvas=[org.openqa.selenium.remote.RemoteWebElement@3490be85 -&gt; unknown locator], strokeStyle=#000000, textAlign=start, drawFocusIfNeeded={}, resetTransform={}, miterLimit=10, fill={}, getLineDash={}, createPattern={}, lineCap=butt, isPointInStroke={}, fillStyle=#000000, createLinearGradient={}, lineDashOffset=0, shadowOffsetX=0, shadowOffsetY=0, imageSmoothingEnabled=true, mozImageSmoothingEnabled=true, createImageData={}, save={}, lineTo={}, scale={}, measureText={}, setLineDash={}, lineWidth=1, putImageData={}, rect={}, transform={}, arc={}, setTransform={}, globalAlpha=1, isPointInPath={}, createRadialGradient={}, strokeRect={}, fillText={}, textBaseline=alphabetic, arcTo={}, getImageData={}, strokeText={}, restore={}, beginPath={}, globalCompositeOperation=source-over, lineJoin=miter, quadraticCurveTo={}, bezierCurveTo={}, stroke={}, clearRect={}, filter=none, drawImage={}, mozTextStyle=60px Arial, mozCurrentTransformInverse=[1, 0, 0, 1, 0, 0], clip={}, font=60px Arial, moveTo={}}
	at org.junit.Assert.fail(Assert.java:88)
	at org.junit.Assert.failEquals(Assert.java:185)
	at org.junit.Assert.assertNotEquals(Assert.java:161)
	at org.junit.Assert.assertNotEquals(Assert.java:175)
	at com.test.sqs.HerokuappTest.verify_Second_Button_Click(HerokuappTest.java:89)
	at sun.reflect.NativeMethodAccessorImpl.invoke0(Native Method)
	at sun.reflect.NativeMethodAccessorImpl.invoke(NativeMethodAccessorImpl.java:62)
	at sun.reflect.DelegatingMethodAccessorImpl.invoke(DelegatingMethodAccessorImpl.java:43)
	at java.lang.reflect.Method.invoke(Method.java:498)
	at org.testng.internal.MethodInvocationHelper.invokeMethod(MethodInvocationHelper.java:108)
	at org.testng.internal.Invoker.invokeMethod(Invoker.java:661)
	at org.testng.internal.Invoker.invokeTestMethod(Invoker.java:869)
	at org.testng.internal.Invoker.invokeTestMethods(Invoker.java:1193)
	at org.testng.internal.TestMethodWorker.invokeTestMethods(TestMethodWorker.java:126)
	at org.testng.internal.TestMethodWorker.run(TestMethodWorker.java:109)
	at org.testng.TestRunner.privateRun(TestRunner.java:744)
	at org.testng.TestRunner.run(TestRunner.java:602)
	at org.testng.SuiteRunner.runTest(SuiteRunner.java:380)
	at org.testng.SuiteRunner.runSequentially(SuiteRunner.java:375)
	at org.testng.SuiteRunner.privateRun(SuiteRunner.java:340)
	at org.testng.SuiteRunner.run(SuiteRunner.java:289)
	at org.testng.SuiteRunnerWorker.runSuite(SuiteRunnerWorker.java:52)
	at org.testng.SuiteRunnerWorker.run(SuiteRunnerWorker.java:86)
	at org.testng.TestNG.runSuitesSequentially(TestNG.java:1301)
	at org.testng.TestNG.runSuitesLocally(TestNG.java:1226)
	at org.testng.TestNG.runSuites(TestNG.java:1144)
	at org.testng.TestNG.run(TestNG.java:1115)
	at org.testng.remote.AbstractRemoteTestNG.run(AbstractRemoteTestNG.java:132)
	at org.testng.remote.RemoteTestNG.initAndRun(RemoteTestNG.java:230)
	at org.testng.remote.RemoteTestNG.main(RemoteTestNG.java:76)
</div></td></tr></table><p class="totop"><a href="#summary">back to summary</a></p><h3 id="m3">com.test.sqs.HerokuappTest#verify_Thrid_Button_Click</h3><table class="result"><tr><th>Exception</th></tr><tr><td><div class="stacktrace">java.lang.AssertionError: Values should be different. Actual: {rotate={}, shadowBlur=0, closePath={}, fillRect={}, translate={}, mozCurrentTransform=[1, 0, 0, 1, 0, 0], ellipse={}, shadowColor=rgba(0, 0, 0, 0), canvas=[org.openqa.selenium.remote.RemoteWebElement@4443338c -&gt; unknown locator], strokeStyle=#000000, textAlign=start, drawFocusIfNeeded={}, resetTransform={}, miterLimit=10, fill={}, getLineDash={}, createPattern={}, lineCap=butt, isPointInStroke={}, fillStyle=#000000, createLinearGradient={}, lineDashOffset=0, shadowOffsetX=0, shadowOffsetY=0, imageSmoothingEnabled=true, mozImageSmoothingEnabled=true, createImageData={}, save={}, lineTo={}, scale={}, measureText={}, setLineDash={}, lineWidth=1, putImageData={}, rect={}, transform={}, arc={}, setTransform={}, globalAlpha=1, isPointInPath={}, createRadialGradient={}, strokeRect={}, fillText={}, textBaseline=alphabetic, arcTo={}, getImageData={}, strokeText={}, restore={}, beginPath={}, globalCompositeOperation=source-over, lineJoin=miter, quadraticCurveTo={}, bezierCurveTo={}, stroke={}, clearRect={}, filter=none, drawImage={}, mozTextStyle=60px Arial, mozCurrentTransformInverse=[1, 0, 0, 1, 0, 0], clip={}, font=60px Arial, moveTo={}}
	at org.junit.Assert.fail(Assert.java:88)
	at org.junit.Assert.failEquals(Assert.java:185)
	at org.junit.Assert.assertNotEquals(Assert.java:161)
	at org.junit.Assert.assertNotEquals(Assert.java:175)
	at com.test.sqs.HerokuappTest.verify_Thrid_Button_Click(HerokuappTest.java:105)
	at sun.reflect.NativeMethodAccessorImpl.invoke0(Native Method)
	at sun.reflect.NativeMethodAccessorImpl.invoke(NativeMethodAccessorImpl.java:62)
	at sun.reflect.DelegatingMethodAccessorImpl.invoke(DelegatingMethodAccessorImpl.java:43)
	at java.lang.reflect.Method.invoke(Method.java:498)
	at org.testng.internal.MethodInvocationHelper.invokeMethod(MethodInvocationHelper.java:108)
	at org.testng.internal.Invoker.invokeMethod(Invoker.java:661)
	at org.testng.internal.Invoker.invokeTestMethod(Invoker.java:869)
	at org.testng.internal.Invoker.invokeTestMethods(Invoker.java:1193)
	at org.testng.internal.TestMethodWorker.invokeTestMethods(TestMethodWorker.java:126)
	at org.testng.internal.TestMethodWorker.run(TestMethodWorker.java:109)
	at org.testng.TestRunner.privateRun(TestRunner.java:744)
	at org.testng.TestRunner.run(TestRunner.java:602)
	at org.testng.SuiteRunner.runTest(SuiteRunner.java:380)
	at org.testng.SuiteRunner.runSequentially(SuiteRunner.java:375)
	at org.testng.SuiteRunner.privateRun(SuiteRunner.java:340)
	at org.testng.SuiteRunner.run(SuiteRunner.java:289)
	at org.testng.SuiteRunnerWorker.runSuite(SuiteRunnerWorker.java:52)
	at org.testng.SuiteRunnerWorker.run(SuiteRunnerWorker.java:86)
	at org.testng.TestNG.runSuitesSequentially(TestNG.java:1301)
	at org.testng.TestNG.runSuitesLocally(TestNG.java:1226)
	at org.testng.TestNG.runSuites(TestNG.java:1144)
	at org.testng.TestNG.run(TestNG.java:1115)
	at org.testng.remote.AbstractRemoteTestNG.run(AbstractRemoteTestNG.java:132)
	at org.testng.remote.RemoteTestNG.initAndRun(RemoteTestNG.java:230)
	at org.testng.remote.RemoteTestNG.main(RemoteTestNG.java:76)
</div></td></tr></table><p class="totop"><a href="#summary">back to summary</a></p><h3 id="m4">com.test.sqs.HerokuappTest#verify_edit_click</h3><table class="result"><tr><th>Exception</th></tr><tr><td><div class="stacktrace">org.junit.ComparisonFailure: expected:&lt;....com/challenging_dom[]&gt; but was:&lt;....com/challenging_dom[#edit]&gt;
	at org.junit.Assert.assertEquals(Assert.java:115)
	at org.junit.Assert.assertEquals(Assert.java:144)
	at com.test.sqs.HerokuappTest.verify_edit_click(HerokuappTest.java:160)
	at sun.reflect.NativeMethodAccessorImpl.invoke0(Native Method)
	at sun.reflect.NativeMethodAccessorImpl.invoke(NativeMethodAccessorImpl.java:62)
	at sun.reflect.DelegatingMethodAccessorImpl.invoke(DelegatingMethodAccessorImpl.java:43)
	at java.lang.reflect.Method.invoke(Method.java:498)
	at org.testng.internal.MethodInvocationHelper.invokeMethod(MethodInvocationHelper.java:108)
	at org.testng.internal.Invoker.invokeMethod(Invoker.java:661)
	at org.testng.internal.Invoker.invokeTestMethod(Invoker.java:869)
	at org.testng.internal.Invoker.invokeTestMethods(Invoker.java:1193)
	at org.testng.internal.TestMethodWorker.invokeTestMethods(TestMethodWorker.java:126)
	at org.testng.internal.TestMethodWorker.run(TestMethodWorker.java:109)
	at org.testng.TestRunner.privateRun(TestRunner.java:744)
	at org.testng.TestRunner.run(TestRunner.java:602)
	at org.testng.SuiteRunner.runTest(SuiteRunner.java:380)
	at org.testng.SuiteRunner.runSequentially(SuiteRunner.java:375)
	at org.testng.SuiteRunner.privateRun(SuiteRunner.java:340)
	at org.testng.SuiteRunner.run(SuiteRunner.java:289)
	at org.testng.SuiteRunnerWorker.runSuite(SuiteRunnerWorker.java:52)
	at org.testng.SuiteRunnerWorker.run(SuiteRunnerWorker.java:86)
	at org.testng.TestNG.runSuitesSequentially(TestNG.java:1301)
	at org.testng.TestNG.runSuitesLocally(TestNG.java:1226)
	at org.testng.TestNG.runSuites(TestNG.java:1144)
	at org.testng.TestNG.run(TestNG.java:1115)
	at org.testng.remote.AbstractRemoteTestNG.run(AbstractRemoteTestNG.java:132)
	at org.testng.remote.RemoteTestNG.initAndRun(RemoteTestNG.java:230)
	at org.testng.remote.RemoteTestNG.main(RemoteTestNG.java:76)
</div></td></tr></table><p class="totop"><a href="#summary">back to summary</a></p><h3 id="m5">com.test.sqs.HerokuappTest#verify_Buttons</h3><table class="result"></table><p class="totop"><a href="#summary">back to summary</a></p><h3 id="m6">com.test.sqs.HerokuappTest#verify_Click_Element</h3><table class="result"></table><p class="totop"><a href="#summary">back to summary</a></p><h3 id="m7">com.test.sqs.HerokuappTest#verify_Click_linkTest</h3><table class="result"></table><p class="totop"><a href="#summary">back to summary</a></p><h3 id="m8">com.test.sqs.HerokuappTest#verify_heading</h3><table class="result"></table><p class="totop"><a href="#summary">back to summary</a></p><h3 id="m9">com.test.sqs.HerokuappTest#verify_numberof_columns</h3><table class="result"></table><p class="totop"><a href="#summary">back to summary</a></p><h3 id="m10">com.test.sqs.HerokuappTest#verify_numberof_rows</h3><table class="result"></table><p class="totop"><a href="#summary">back to summary</a></p><h3 id="m11">com.test.sqs.HerokuappTest#verify_table_heading_names</h3><table class="result"></table><p class="totop"><a href="#summary">back to summary</a></p></body></html>