<?xml version="1.0" encoding="UTF-8"?>
<testng-results skipped="0" failed="5" ignored="0" total="12" passed="7">
  <reporter-output>
  </reporter-output>
  <suite name="Default suite" duration-ms="65706" started-at="2017-07-23T17:04:55Z" finished-at="2017-07-23T17:06:01Z">
    <groups>
    </groups>
    <test name="Default test" duration-ms="65706" started-at="2017-07-23T17:04:55Z" finished-at="2017-07-23T17:06:01Z">
      <class name="com.test.sqs.HerokuappTest">
        <test-method status="PASS" signature="testSetUp()[pri:0, instance:com.test.sqs.HerokuappTest@548e7350]" name="testSetUp" is-config="true" duration-ms="14543" started-at="2017-07-23T18:04:55Z" finished-at="2017-07-23T18:05:10Z">
          <reporter-output>
          </reporter-output>
        </test-method> <!-- testSetUp -->
        <test-method status="PASS" signature="setUp()[pri:0, instance:com.test.sqs.HerokuappTest@548e7350]" name="setUp" is-config="true" duration-ms="4144" started-at="2017-07-23T18:05:10Z" finished-at="2017-07-23T18:05:14Z">
          <reporter-output>
          </reporter-output>
        </test-method> <!-- setUp -->
        <test-method status="PASS" signature="verify_Buttons()[pri:0, instance:com.test.sqs.HerokuappTest@548e7350]" name="verify_Buttons" duration-ms="70" started-at="2017-07-23T18:05:14Z" finished-at="2017-07-23T18:05:14Z">
          <reporter-output>
          </reporter-output>
        </test-method> <!-- verify_Buttons -->
        <test-method status="PASS" signature="setUp()[pri:0, instance:com.test.sqs.HerokuappTest@548e7350]" name="setUp" is-config="true" duration-ms="2628" started-at="2017-07-23T18:05:14Z" finished-at="2017-07-23T18:05:17Z">
          <reporter-output>
          </reporter-output>
        </test-method> <!-- setUp -->
        <test-method status="PASS" signature="verify_Click_Element()[pri:0, instance:com.test.sqs.HerokuappTest@548e7350]" name="verify_Click_Element" duration-ms="4830" started-at="2017-07-23T18:05:17Z" finished-at="2017-07-23T18:05:21Z">
          <reporter-output>
          </reporter-output>
        </test-method> <!-- verify_Click_Element -->
        <test-method status="PASS" signature="setUp()[pri:0, instance:com.test.sqs.HerokuappTest@548e7350]" name="setUp" is-config="true" duration-ms="2639" started-at="2017-07-23T18:05:21Z" finished-at="2017-07-23T18:05:24Z">
          <reporter-output>
          </reporter-output>
        </test-method> <!-- setUp -->
        <test-method status="PASS" signature="verify_Click_linkTest()[pri:0, instance:com.test.sqs.HerokuappTest@548e7350]" name="verify_Click_linkTest" duration-ms="6778" started-at="2017-07-23T18:05:24Z" finished-at="2017-07-23T18:05:31Z">
          <reporter-output>
          </reporter-output>
        </test-method> <!-- verify_Click_linkTest -->
        <test-method status="PASS" signature="setUp()[pri:0, instance:com.test.sqs.HerokuappTest@548e7350]" name="setUp" is-config="true" duration-ms="2911" started-at="2017-07-23T18:05:31Z" finished-at="2017-07-23T18:05:34Z">
          <reporter-output>
          </reporter-output>
        </test-method> <!-- setUp -->
        <test-method status="FAIL" signature="verify_Delete_click()[pri:0, instance:com.test.sqs.HerokuappTest@548e7350]" name="verify_Delete_click" duration-ms="349" started-at="2017-07-23T18:05:34Z" finished-at="2017-07-23T18:05:34Z">
          <exception class="org.junit.ComparisonFailure">
            <message>
              <![CDATA[expected:<....com/challenging_dom[]> but was:<....com/challenging_dom[#delete]>]]>
            </message>
            <full-stacktrace>
              <![CDATA[org.junit.ComparisonFailure: expected:<....com/challenging_dom[]> but was:<....com/challenging_dom[#delete]>
	at org.junit.Assert.assertEquals(Assert.java:115)
	at org.junit.Assert.assertEquals(Assert.java:144)
	at com.test.sqs.HerokuappTest.verify_Delete_click(HerokuappTest.java:168)
	at sun.reflect.NativeMethodAccessorImpl.invoke0(Native Method)
	at sun.reflect.NativeMethodAccessorImpl.invoke(NativeMethodAccessorImpl.java:62)
	at sun.reflect.DelegatingMethodAccessorImpl.invoke(DelegatingMethodAccessorImpl.java:43)
	at java.lang.reflect.Method.invoke(Method.java:498)
	at org.testng.internal.MethodInvocationHelper.invokeMethod(MethodInvocationHelper.java:108)
	at org.testng.internal.Invoker.invokeMethod(Invoker.java:661)
	at org.testng.internal.Invoker.invokeTestMethod(Invoker.java:869)
	at org.testng.internal.Invoker.invokeTestMethods(Invoker.java:1193)
	at org.testng.internal.TestMethodWorker.invokeTestMethods(TestMethodWorker.java:126)
	at org.testng.internal.TestMethodWorker.run(TestMethodWorker.java:109)
	at org.testng.TestRunner.privateRun(TestRunner.java:744)
	at org.testng.TestRunner.run(TestRunner.java:602)
	at org.testng.SuiteRunner.runTest(SuiteRunner.java:380)
	at org.testng.SuiteRunner.runSequentially(SuiteRunner.java:375)
	at org.testng.SuiteRunner.privateRun(SuiteRunner.java:340)
	at org.testng.SuiteRunner.run(SuiteRunner.java:289)
	at org.testng.SuiteRunnerWorker.runSuite(SuiteRunnerWorker.java:52)
	at org.testng.SuiteRunnerWorker.run(SuiteRunnerWorker.java:86)
	at org.testng.TestNG.runSuitesSequentially(TestNG.java:1301)
	at org.testng.TestNG.runSuitesLocally(TestNG.java:1226)
	at org.testng.TestNG.runSuites(TestNG.java:1144)
	at org.testng.TestNG.run(TestNG.java:1115)
	at org.testng.remote.AbstractRemoteTestNG.run(AbstractRemoteTestNG.java:132)
	at org.testng.remote.RemoteTestNG.initAndRun(RemoteTestNG.java:230)
	at org.testng.remote.RemoteTestNG.main(RemoteTestNG.java:76)
]]>
            </full-stacktrace>
          </exception> <!-- org.junit.ComparisonFailure -->
          <reporter-output>
          </reporter-output>
        </test-method> <!-- verify_Delete_click -->
        <test-method status="PASS" signature="setUp()[pri:0, instance:com.test.sqs.HerokuappTest@548e7350]" name="setUp" is-config="true" duration-ms="2751" started-at="2017-07-23T18:05:34Z" finished-at="2017-07-23T18:05:37Z">
          <reporter-output>
          </reporter-output>
        </test-method> <!-- setUp -->
        <test-method status="FAIL" signature="verify_First_Button_Click()[pri:0, instance:com.test.sqs.HerokuappTest@548e7350]" name="verify_First_Button_Click" duration-ms="2438" started-at="2017-07-23T18:05:37Z" finished-at="2017-07-23T18:05:39Z">
          <exception class="java.lang.AssertionError">
            <message>
              <![CDATA[Values should be different. Actual: {rotate={}, shadowBlur=0, closePath={}, fillRect={}, translate={}, mozCurrentTransform=[1, 0, 0, 1, 0, 0], ellipse={}, shadowColor=rgba(0, 0, 0, 0), canvas=[org.openqa.selenium.remote.RemoteWebElement@ded79d3d -> unknown locator], strokeStyle=#000000, textAlign=start, drawFocusIfNeeded={}, resetTransform={}, miterLimit=10, fill={}, getLineDash={}, createPattern={}, lineCap=butt, isPointInStroke={}, fillStyle=#000000, createLinearGradient={}, lineDashOffset=0, shadowOffsetX=0, shadowOffsetY=0, imageSmoothingEnabled=true, mozImageSmoothingEnabled=true, createImageData={}, save={}, lineTo={}, scale={}, measureText={}, setLineDash={}, lineWidth=1, putImageData={}, rect={}, transform={}, arc={}, setTransform={}, globalAlpha=1, isPointInPath={}, createRadialGradient={}, strokeRect={}, fillText={}, textBaseline=alphabetic, arcTo={}, getImageData={}, strokeText={}, restore={}, beginPath={}, globalCompositeOperation=source-over, lineJoin=miter, quadraticCurveTo={}, bezierCurveTo={}, stroke={}, clearRect={}, filter=none, drawImage={}, mozTextStyle=60px Arial, mozCurrentTransformInverse=[1, 0, 0, 1, 0, 0], clip={}, font=60px Arial, moveTo={}}]]>
            </message>
            <full-stacktrace>
              <![CDATA[java.lang.AssertionError: Values should be different. Actual: {rotate={}, shadowBlur=0, closePath={}, fillRect={}, translate={}, mozCurrentTransform=[1, 0, 0, 1, 0, 0], ellipse={}, shadowColor=rgba(0, 0, 0, 0), canvas=[org.openqa.selenium.remote.RemoteWebElement@ded79d3d -> unknown locator], strokeStyle=#000000, textAlign=start, drawFocusIfNeeded={}, resetTransform={}, miterLimit=10, fill={}, getLineDash={}, createPattern={}, lineCap=butt, isPointInStroke={}, fillStyle=#000000, createLinearGradient={}, lineDashOffset=0, shadowOffsetX=0, shadowOffsetY=0, imageSmoothingEnabled=true, mozImageSmoothingEnabled=true, createImageData={}, save={}, lineTo={}, scale={}, measureText={}, setLineDash={}, lineWidth=1, putImageData={}, rect={}, transform={}, arc={}, setTransform={}, globalAlpha=1, isPointInPath={}, createRadialGradient={}, strokeRect={}, fillText={}, textBaseline=alphabetic, arcTo={}, getImageData={}, strokeText={}, restore={}, beginPath={}, globalCompositeOperation=source-over, lineJoin=miter, quadraticCurveTo={}, bezierCurveTo={}, stroke={}, clearRect={}, filter=none, drawImage={}, mozTextStyle=60px Arial, mozCurrentTransformInverse=[1, 0, 0, 1, 0, 0], clip={}, font=60px Arial, moveTo={}}
	at org.junit.Assert.fail(Assert.java:88)
	at org.junit.Assert.failEquals(Assert.java:185)
	at org.junit.Assert.assertNotEquals(Assert.java:161)
	at org.junit.Assert.assertNotEquals(Assert.java:175)
	at com.test.sqs.HerokuappTest.verify_First_Button_Click(HerokuappTest.java:72)
	at sun.reflect.NativeMethodAccessorImpl.invoke0(Native Method)
	at sun.reflect.NativeMethodAccessorImpl.invoke(NativeMethodAccessorImpl.java:62)
	at sun.reflect.DelegatingMethodAccessorImpl.invoke(DelegatingMethodAccessorImpl.java:43)
	at java.lang.reflect.Method.invoke(Method.java:498)
	at org.testng.internal.MethodInvocationHelper.invokeMethod(MethodInvocationHelper.java:108)
	at org.testng.internal.Invoker.invokeMethod(Invoker.java:661)
	at org.testng.internal.Invoker.invokeTestMethod(Invoker.java:869)
	at org.testng.internal.Invoker.invokeTestMethods(Invoker.java:1193)
	at org.testng.internal.TestMethodWorker.invokeTestMethods(TestMethodWorker.java:126)
	at org.testng.internal.TestMethodWorker.run(TestMethodWorker.java:109)
	at org.testng.TestRunner.privateRun(TestRunner.java:744)
	at org.testng.TestRunner.run(TestRunner.java:602)
	at org.testng.SuiteRunner.runTest(SuiteRunner.java:380)
	at org.testng.SuiteRunner.runSequentially(SuiteRunner.java:375)
	at org.testng.SuiteRunner.privateRun(SuiteRunner.java:340)
	at org.testng.SuiteRunner.run(SuiteRunner.java:289)
	at org.testng.SuiteRunnerWorker.runSuite(SuiteRunnerWorker.java:52)
	at org.testng.SuiteRunnerWorker.run(SuiteRunnerWorker.java:86)
	at org.testng.TestNG.runSuitesSequentially(TestNG.java:1301)
	at org.testng.TestNG.runSuitesLocally(TestNG.java:1226)
	at org.testng.TestNG.runSuites(TestNG.java:1144)
	at org.testng.TestNG.run(TestNG.java:1115)
	at org.testng.remote.AbstractRemoteTestNG.run(AbstractRemoteTestNG.java:132)
	at org.testng.remote.RemoteTestNG.initAndRun(RemoteTestNG.java:230)
	at org.testng.remote.RemoteTestNG.main(RemoteTestNG.java:76)
]]>
            </full-stacktrace>
          </exception> <!-- java.lang.AssertionError -->
          <reporter-output>
          </reporter-output>
        </test-method> <!-- verify_First_Button_Click -->
        <test-method status="PASS" signature="setUp()[pri:0, instance:com.test.sqs.HerokuappTest@548e7350]" name="setUp" is-config="true" duration-ms="2846" started-at="2017-07-23T18:05:39Z" finished-at="2017-07-23T18:05:42Z">
          <reporter-output>
          </reporter-output>
        </test-method> <!-- setUp -->
        <test-method status="FAIL" signature="verify_Second_Button_Click()[pri:0, instance:com.test.sqs.HerokuappTest@548e7350]" name="verify_Second_Button_Click" duration-ms="372" started-at="2017-07-23T18:05:42Z" finished-at="2017-07-23T18:05:43Z">
          <exception class="java.lang.AssertionError">
            <message>
              <![CDATA[Values should be different. Actual: {rotate={}, shadowBlur=0, closePath={}, fillRect={}, translate={}, mozCurrentTransform=[1, 0, 0, 1, 0, 0], ellipse={}, shadowColor=rgba(0, 0, 0, 0), canvas=[org.openqa.selenium.remote.RemoteWebElement@3490be85 -> unknown locator], strokeStyle=#000000, textAlign=start, drawFocusIfNeeded={}, resetTransform={}, miterLimit=10, fill={}, getLineDash={}, createPattern={}, lineCap=butt, isPointInStroke={}, fillStyle=#000000, createLinearGradient={}, lineDashOffset=0, shadowOffsetX=0, shadowOffsetY=0, imageSmoothingEnabled=true, mozImageSmoothingEnabled=true, createImageData={}, save={}, lineTo={}, scale={}, measureText={}, setLineDash={}, lineWidth=1, putImageData={}, rect={}, transform={}, arc={}, setTransform={}, globalAlpha=1, isPointInPath={}, createRadialGradient={}, strokeRect={}, fillText={}, textBaseline=alphabetic, arcTo={}, getImageData={}, strokeText={}, restore={}, beginPath={}, globalCompositeOperation=source-over, lineJoin=miter, quadraticCurveTo={}, bezierCurveTo={}, stroke={}, clearRect={}, filter=none, drawImage={}, mozTextStyle=60px Arial, mozCurrentTransformInverse=[1, 0, 0, 1, 0, 0], clip={}, font=60px Arial, moveTo={}}]]>
            </message>
            <full-stacktrace>
              <![CDATA[java.lang.AssertionError: Values should be different. Actual: {rotate={}, shadowBlur=0, closePath={}, fillRect={}, translate={}, mozCurrentTransform=[1, 0, 0, 1, 0, 0], ellipse={}, shadowColor=rgba(0, 0, 0, 0), canvas=[org.openqa.selenium.remote.RemoteWebElement@3490be85 -> unknown locator], strokeStyle=#000000, textAlign=start, drawFocusIfNeeded={}, resetTransform={}, miterLimit=10, fill={}, getLineDash={}, createPattern={}, lineCap=butt, isPointInStroke={}, fillStyle=#000000, createLinearGradient={}, lineDashOffset=0, shadowOffsetX=0, shadowOffsetY=0, imageSmoothingEnabled=true, mozImageSmoothingEnabled=true, createImageData={}, save={}, lineTo={}, scale={}, measureText={}, setLineDash={}, lineWidth=1, putImageData={}, rect={}, transform={}, arc={}, setTransform={}, globalAlpha=1, isPointInPath={}, createRadialGradient={}, strokeRect={}, fillText={}, textBaseline=alphabetic, arcTo={}, getImageData={}, strokeText={}, restore={}, beginPath={}, globalCompositeOperation=source-over, lineJoin=miter, quadraticCurveTo={}, bezierCurveTo={}, stroke={}, clearRect={}, filter=none, drawImage={}, mozTextStyle=60px Arial, mozCurrentTransformInverse=[1, 0, 0, 1, 0, 0], clip={}, font=60px Arial, moveTo={}}
	at org.junit.Assert.fail(Assert.java:88)
	at org.junit.Assert.failEquals(Assert.java:185)
	at org.junit.Assert.assertNotEquals(Assert.java:161)
	at org.junit.Assert.assertNotEquals(Assert.java:175)
	at com.test.sqs.HerokuappTest.verify_Second_Button_Click(HerokuappTest.java:89)
	at sun.reflect.NativeMethodAccessorImpl.invoke0(Native Method)
	at sun.reflect.NativeMethodAccessorImpl.invoke(NativeMethodAccessorImpl.java:62)
	at sun.reflect.DelegatingMethodAccessorImpl.invoke(DelegatingMethodAccessorImpl.java:43)
	at java.lang.reflect.Method.invoke(Method.java:498)
	at org.testng.internal.MethodInvocationHelper.invokeMethod(MethodInvocationHelper.java:108)
	at org.testng.internal.Invoker.invokeMethod(Invoker.java:661)
	at org.testng.internal.Invoker.invokeTestMethod(Invoker.java:869)
	at org.testng.internal.Invoker.invokeTestMethods(Invoker.java:1193)
	at org.testng.internal.TestMethodWorker.invokeTestMethods(TestMethodWorker.java:126)
	at org.testng.internal.TestMethodWorker.run(TestMethodWorker.java:109)
	at org.testng.TestRunner.privateRun(TestRunner.java:744)
	at org.testng.TestRunner.run(TestRunner.java:602)
	at org.testng.SuiteRunner.runTest(SuiteRunner.java:380)
	at org.testng.SuiteRunner.runSequentially(SuiteRunner.java:375)
	at org.testng.SuiteRunner.privateRun(SuiteRunner.java:340)
	at org.testng.SuiteRunner.run(SuiteRunner.java:289)
	at org.testng.SuiteRunnerWorker.runSuite(SuiteRunnerWorker.java:52)
	at org.testng.SuiteRunnerWorker.run(SuiteRunnerWorker.java:86)
	at org.testng.TestNG.runSuitesSequentially(TestNG.java:1301)
	at org.testng.TestNG.runSuitesLocally(TestNG.java:1226)
	at org.testng.TestNG.runSuites(TestNG.java:1144)
	at org.testng.TestNG.run(TestNG.java:1115)
	at org.testng.remote.AbstractRemoteTestNG.run(AbstractRemoteTestNG.java:132)
	at org.testng.remote.RemoteTestNG.initAndRun(RemoteTestNG.java:230)
	at org.testng.remote.RemoteTestNG.main(RemoteTestNG.java:76)
]]>
            </full-stacktrace>
          </exception> <!-- java.lang.AssertionError -->
          <reporter-output>
          </reporter-output>
        </test-method> <!-- verify_Second_Button_Click -->
        <test-method status="PASS" signature="setUp()[pri:0, instance:com.test.sqs.HerokuappTest@548e7350]" name="setUp" is-config="true" duration-ms="2876" started-at="2017-07-23T18:05:43Z" finished-at="2017-07-23T18:05:45Z">
          <reporter-output>
          </reporter-output>
        </test-method> <!-- setUp -->
        <test-method status="FAIL" signature="verify_Thrid_Button_Click()[pri:0, instance:com.test.sqs.HerokuappTest@548e7350]" name="verify_Thrid_Button_Click" duration-ms="427" started-at="2017-07-23T18:05:45Z" finished-at="2017-07-23T18:05:46Z">
          <exception class="java.lang.AssertionError">
            <message>
              <![CDATA[Values should be different. Actual: {rotate={}, shadowBlur=0, closePath={}, fillRect={}, translate={}, mozCurrentTransform=[1, 0, 0, 1, 0, 0], ellipse={}, shadowColor=rgba(0, 0, 0, 0), canvas=[org.openqa.selenium.remote.RemoteWebElement@4443338c -> unknown locator], strokeStyle=#000000, textAlign=start, drawFocusIfNeeded={}, resetTransform={}, miterLimit=10, fill={}, getLineDash={}, createPattern={}, lineCap=butt, isPointInStroke={}, fillStyle=#000000, createLinearGradient={}, lineDashOffset=0, shadowOffsetX=0, shadowOffsetY=0, imageSmoothingEnabled=true, mozImageSmoothingEnabled=true, createImageData={}, save={}, lineTo={}, scale={}, measureText={}, setLineDash={}, lineWidth=1, putImageData={}, rect={}, transform={}, arc={}, setTransform={}, globalAlpha=1, isPointInPath={}, createRadialGradient={}, strokeRect={}, fillText={}, textBaseline=alphabetic, arcTo={}, getImageData={}, strokeText={}, restore={}, beginPath={}, globalCompositeOperation=source-over, lineJoin=miter, quadraticCurveTo={}, bezierCurveTo={}, stroke={}, clearRect={}, filter=none, drawImage={}, mozTextStyle=60px Arial, mozCurrentTransformInverse=[1, 0, 0, 1, 0, 0], clip={}, font=60px Arial, moveTo={}}]]>
            </message>
            <full-stacktrace>
              <![CDATA[java.lang.AssertionError: Values should be different. Actual: {rotate={}, shadowBlur=0, closePath={}, fillRect={}, translate={}, mozCurrentTransform=[1, 0, 0, 1, 0, 0], ellipse={}, shadowColor=rgba(0, 0, 0, 0), canvas=[org.openqa.selenium.remote.RemoteWebElement@4443338c -> unknown locator], strokeStyle=#000000, textAlign=start, drawFocusIfNeeded={}, resetTransform={}, miterLimit=10, fill={}, getLineDash={}, createPattern={}, lineCap=butt, isPointInStroke={}, fillStyle=#000000, createLinearGradient={}, lineDashOffset=0, shadowOffsetX=0, shadowOffsetY=0, imageSmoothingEnabled=true, mozImageSmoothingEnabled=true, createImageData={}, save={}, lineTo={}, scale={}, measureText={}, setLineDash={}, lineWidth=1, putImageData={}, rect={}, transform={}, arc={}, setTransform={}, globalAlpha=1, isPointInPath={}, createRadialGradient={}, strokeRect={}, fillText={}, textBaseline=alphabetic, arcTo={}, getImageData={}, strokeText={}, restore={}, beginPath={}, globalCompositeOperation=source-over, lineJoin=miter, quadraticCurveTo={}, bezierCurveTo={}, stroke={}, clearRect={}, filter=none, drawImage={}, mozTextStyle=60px Arial, mozCurrentTransformInverse=[1, 0, 0, 1, 0, 0], clip={}, font=60px Arial, moveTo={}}
	at org.junit.Assert.fail(Assert.java:88)
	at org.junit.Assert.failEquals(Assert.java:185)
	at org.junit.Assert.assertNotEquals(Assert.java:161)
	at org.junit.Assert.assertNotEquals(Assert.java:175)
	at com.test.sqs.HerokuappTest.verify_Thrid_Button_Click(HerokuappTest.java:105)
	at sun.reflect.NativeMethodAccessorImpl.invoke0(Native Method)
	at sun.reflect.NativeMethodAccessorImpl.invoke(NativeMethodAccessorImpl.java:62)
	at sun.reflect.DelegatingMethodAccessorImpl.invoke(DelegatingMethodAccessorImpl.java:43)
	at java.lang.reflect.Method.invoke(Method.java:498)
	at org.testng.internal.MethodInvocationHelper.invokeMethod(MethodInvocationHelper.java:108)
	at org.testng.internal.Invoker.invokeMethod(Invoker.java:661)
	at org.testng.internal.Invoker.invokeTestMethod(Invoker.java:869)
	at org.testng.internal.Invoker.invokeTestMethods(Invoker.java:1193)
	at org.testng.internal.TestMethodWorker.invokeTestMethods(TestMethodWorker.java:126)
	at org.testng.internal.TestMethodWorker.run(TestMethodWorker.java:109)
	at org.testng.TestRunner.privateRun(TestRunner.java:744)
	at org.testng.TestRunner.run(TestRunner.java:602)
	at org.testng.SuiteRunner.runTest(SuiteRunner.java:380)
	at org.testng.SuiteRunner.runSequentially(SuiteRunner.java:375)
	at org.testng.SuiteRunner.privateRun(SuiteRunner.java:340)
	at org.testng.SuiteRunner.run(SuiteRunner.java:289)
	at org.testng.SuiteRunnerWorker.runSuite(SuiteRunnerWorker.java:52)
	at org.testng.SuiteRunnerWorker.run(SuiteRunnerWorker.java:86)
	at org.testng.TestNG.runSuitesSequentially(TestNG.java:1301)
	at org.testng.TestNG.runSuitesLocally(TestNG.java:1226)
	at org.testng.TestNG.runSuites(TestNG.java:1144)
	at org.testng.TestNG.run(TestNG.java:1115)
	at org.testng.remote.AbstractRemoteTestNG.run(AbstractRemoteTestNG.java:132)
	at org.testng.remote.RemoteTestNG.initAndRun(RemoteTestNG.java:230)
	at org.testng.remote.RemoteTestNG.main(RemoteTestNG.java:76)
]]>
            </full-stacktrace>
          </exception> <!-- java.lang.AssertionError -->
          <reporter-output>
          </reporter-output>
        </test-method> <!-- verify_Thrid_Button_Click -->
        <test-method status="PASS" signature="setUp()[pri:0, instance:com.test.sqs.HerokuappTest@548e7350]" name="setUp" is-config="true" duration-ms="2791" started-at="2017-07-23T18:05:46Z" finished-at="2017-07-23T18:05:49Z">
          <reporter-output>
          </reporter-output>
        </test-method> <!-- setUp -->
        <test-method status="FAIL" signature="verify_edit_click()[pri:0, instance:com.test.sqs.HerokuappTest@548e7350]" name="verify_edit_click" duration-ms="341" started-at="2017-07-23T18:05:49Z" finished-at="2017-07-23T18:05:49Z">
          <exception class="org.junit.ComparisonFailure">
            <message>
              <![CDATA[expected:<....com/challenging_dom[]> but was:<....com/challenging_dom[#edit]>]]>
            </message>
            <full-stacktrace>
              <![CDATA[org.junit.ComparisonFailure: expected:<....com/challenging_dom[]> but was:<....com/challenging_dom[#edit]>
	at org.junit.Assert.assertEquals(Assert.java:115)
	at org.junit.Assert.assertEquals(Assert.java:144)
	at com.test.sqs.HerokuappTest.verify_edit_click(HerokuappTest.java:160)
	at sun.reflect.NativeMethodAccessorImpl.invoke0(Native Method)
	at sun.reflect.NativeMethodAccessorImpl.invoke(NativeMethodAccessorImpl.java:62)
	at sun.reflect.DelegatingMethodAccessorImpl.invoke(DelegatingMethodAccessorImpl.java:43)
	at java.lang.reflect.Method.invoke(Method.java:498)
	at org.testng.internal.MethodInvocationHelper.invokeMethod(MethodInvocationHelper.java:108)
	at org.testng.internal.Invoker.invokeMethod(Invoker.java:661)
	at org.testng.internal.Invoker.invokeTestMethod(Invoker.java:869)
	at org.testng.internal.Invoker.invokeTestMethods(Invoker.java:1193)
	at org.testng.internal.TestMethodWorker.invokeTestMethods(TestMethodWorker.java:126)
	at org.testng.internal.TestMethodWorker.run(TestMethodWorker.java:109)
	at org.testng.TestRunner.privateRun(TestRunner.java:744)
	at org.testng.TestRunner.run(TestRunner.java:602)
	at org.testng.SuiteRunner.runTest(SuiteRunner.java:380)
	at org.testng.SuiteRunner.runSequentially(SuiteRunner.java:375)
	at org.testng.SuiteRunner.privateRun(SuiteRunner.java:340)
	at org.testng.SuiteRunner.run(SuiteRunner.java:289)
	at org.testng.SuiteRunnerWorker.runSuite(SuiteRunnerWorker.java:52)
	at org.testng.SuiteRunnerWorker.run(SuiteRunnerWorker.java:86)
	at org.testng.TestNG.runSuitesSequentially(TestNG.java:1301)
	at org.testng.TestNG.runSuitesLocally(TestNG.java:1226)
	at org.testng.TestNG.runSuites(TestNG.java:1144)
	at org.testng.TestNG.run(TestNG.java:1115)
	at org.testng.remote.AbstractRemoteTestNG.run(AbstractRemoteTestNG.java:132)
	at org.testng.remote.RemoteTestNG.initAndRun(RemoteTestNG.java:230)
	at org.testng.remote.RemoteTestNG.main(RemoteTestNG.java:76)
]]>
            </full-stacktrace>
          </exception> <!-- org.junit.ComparisonFailure -->
          <reporter-output>
          </reporter-output>
        </test-method> <!-- verify_edit_click -->
        <test-method status="PASS" signature="setUp()[pri:0, instance:com.test.sqs.HerokuappTest@548e7350]" name="setUp" is-config="true" duration-ms="2945" started-at="2017-07-23T18:05:49Z" finished-at="2017-07-23T18:05:52Z">
          <reporter-output>
          </reporter-output>
        </test-method> <!-- setUp -->
        <test-method status="PASS" signature="verify_heading()[pri:0, instance:com.test.sqs.HerokuappTest@548e7350]" name="verify_heading" duration-ms="87" started-at="2017-07-23T18:05:52Z" finished-at="2017-07-23T18:05:52Z">
          <reporter-output>
          </reporter-output>
        </test-method> <!-- verify_heading -->
        <test-method status="PASS" signature="setUp()[pri:0, instance:com.test.sqs.HerokuappTest@548e7350]" name="setUp" is-config="true" duration-ms="2800" started-at="2017-07-23T18:05:52Z" finished-at="2017-07-23T18:05:55Z">
          <reporter-output>
          </reporter-output>
        </test-method> <!-- setUp -->
        <test-method status="PASS" signature="verify_numberof_columns()[pri:0, instance:com.test.sqs.HerokuappTest@548e7350]" name="verify_numberof_columns" duration-ms="48" started-at="2017-07-23T18:05:55Z" finished-at="2017-07-23T18:05:55Z">
          <reporter-output>
          </reporter-output>
        </test-method> <!-- verify_numberof_columns -->
        <test-method status="PASS" signature="setUp()[pri:0, instance:com.test.sqs.HerokuappTest@548e7350]" name="setUp" is-config="true" duration-ms="2815" started-at="2017-07-23T18:05:55Z" finished-at="2017-07-23T18:05:58Z">
          <reporter-output>
          </reporter-output>
        </test-method> <!-- setUp -->
        <test-method status="PASS" signature="verify_numberof_rows()[pri:0, instance:com.test.sqs.HerokuappTest@548e7350]" name="verify_numberof_rows" duration-ms="119" started-at="2017-07-23T18:05:58Z" finished-at="2017-07-23T18:05:58Z">
          <reporter-output>
          </reporter-output>
        </test-method> <!-- verify_numberof_rows -->
        <test-method status="PASS" signature="setUp()[pri:0, instance:com.test.sqs.HerokuappTest@548e7350]" name="setUp" is-config="true" duration-ms="2776" started-at="2017-07-23T18:05:58Z" finished-at="2017-07-23T18:06:01Z">
          <reporter-output>
          </reporter-output>
        </test-method> <!-- setUp -->
        <test-method status="PASS" signature="verify_table_heading_names()[pri:0, instance:com.test.sqs.HerokuappTest@548e7350]" name="verify_table_heading_names" duration-ms="273" started-at="2017-07-23T18:06:01Z" finished-at="2017-07-23T18:06:01Z">
          <reporter-output>
          </reporter-output>
        </test-method> <!-- verify_table_heading_names -->
      </class> <!-- com.test.sqs.HerokuappTest -->
    </test> <!-- Default test -->
  </suite> <!-- Default suite -->
</testng-results>
